Log file open, 02/05/17 19:42:02
LogInit:Display: Running engine for game: UnrealProj1
LogPlatformFile: Not using cached read wrapper
LogInit:Display: RandInit(2087172428) SRandInit(2087172428).
LogTaskGraph: Started task graph with 5 named threads and 8 total threads with 1 sets of task threads.
LogStats: Stats thread started at 0.070908
LogPluginManager: Loaded Plugin Paper2D, From C:/Program Files (x86)/Epic Games/4.14/Engine/Plugins/2D/Paper2D/Paper2D.uplugin
LogPluginManager: Loaded Plugin LightPropagationVolume, From C:/Program Files (x86)/Epic Games/4.14/Engine/Plugins/Blendables/LightPropagationVolume/LightPropagationVolume.uplugin
LogPluginManager: Loaded Plugin BlankPlugin, From C:/Program Files (x86)/Epic Games/4.14/Engine/Plugins/Developer/BlankPlugin/BlankPlugin.uplugin
LogPluginManager: Loaded Plugin CodeLiteSourceCodeAccess, From C:/Program Files (x86)/Epic Games/4.14/Engine/Plugins/Developer/CodeLiteSourceCodeAccess/CodeLiteSourceCodeAccess.uplugin
LogPluginManager: Loaded Plugin GitSourceControl, From C:/Program Files (x86)/Epic Games/4.14/Engine/Plugins/Developer/GitSourceControl/GitSourceControl.uplugin
LogPluginManager: Loaded Plugin KDevelopSourceCodeAccess, From C:/Program Files (x86)/Epic Games/4.14/Engine/Plugins/Developer/KDevelopSourceCodeAccess/KDevelopSourceCodeAccess.uplugin
LogPluginManager: Loaded Plugin NullSourceCodeAccess, From C:/Program Files (x86)/Epic Games/4.14/Engine/Plugins/Developer/NullSourceCodeAccess/NullSourceCodeAccess.uplugin
LogPluginManager: Loaded Plugin OneSkyLocalizationService, From C:/Program Files (x86)/Epic Games/4.14/Engine/Plugins/Developer/OneSkyLocalizationService/OneSkyLocalizationService.uplugin
LogPluginManager: Loaded Plugin PerforceSourceControl, From C:/Program Files (x86)/Epic Games/4.14/Engine/Plugins/Developer/PerforceSourceControl/PerforceSourceControl.uplugin
LogPluginManager: Loaded Plugin SubversionSourceControl, From C:/Program Files (x86)/Epic Games/4.14/Engine/Plugins/Developer/SubversionSourceControl/SubversionSourceControl.uplugin
LogPluginManager: Loaded Plugin UObjectPlugin, From C:/Program Files (x86)/Epic Games/4.14/Engine/Plugins/Developer/UObjectPlugin/UObjectPlugin.uplugin
LogPluginManager: Loaded Plugin VisualStudioSourceCodeAccess, From C:/Program Files (x86)/Epic Games/4.14/Engine/Plugins/Developer/VisualStudioSourceCodeAccess/VisualStudioSourceCodeAccess.uplugin
LogPluginManager: Loaded Plugin XCodeSourceCodeAccess, From C:/Program Files (x86)/Epic Games/4.14/Engine/Plugins/Developer/XCodeSourceCodeAccess/XCodeSourceCodeAccess.uplugin
LogPluginManager: Loaded Plugin AudioCapture, From C:/Program Files (x86)/Epic Games/4.14/Engine/Plugins/Editor/AudioCapture/AudioCapture.uplugin
LogPluginManager: Loaded Plugin EpicSurvey, From C:/Program Files (x86)/Epic Games/4.14/Engine/Plugins/Editor/EpicSurvey/EpicSurvey.uplugin
LogPluginManager: Loaded Plugin MacGraphicsSwitching, From C:/Program Files (x86)/Epic Games/4.14/Engine/Plugins/Editor/MacGraphicsSwitching/MacGraphicsSwitching.uplugin
LogPluginManager: Loaded Plugin MobileLauncherProfileWizard, From C:/Program Files (x86)/Epic Games/4.14/Engine/Plugins/Editor/MobileLauncherProfileWizard/MobileLauncherProfileWizard.uplugin
LogPluginManager: Loaded Plugin PluginBrowser, From C:/Program Files (x86)/Epic Games/4.14/Engine/Plugins/Editor/PluginBrowser/PluginBrowser.uplugin
LogPluginManager: Loaded Plugin SpeedTreeImporter, From C:/Program Files (x86)/Epic Games/4.14/Engine/Plugins/Editor/SpeedTreeImporter/SpeedTreeImporter.uplugin
LogPluginManager: Loaded Plugin SuperSearchEditor, From C:/Program Files (x86)/Epic Games/4.14/Engine/Plugins/Editor/SuperSearchEditor/SuperSearchEditor.uplugin
LogPluginManager: Loaded Plugin AlembicImporter, From C:/Program Files (x86)/Epic Games/4.14/Engine/Plugins/Experimental/AlembicImporter/AlembicImporter.uplugin
LogPluginManager: Loaded Plugin BlueprintStats, From C:/Program Files (x86)/Epic Games/4.14/Engine/Plugins/Experimental/BlueprintStats/BlueprintStats.uplugin
LogPluginManager: Loaded Plugin CharacterAI, From C:/Program Files (x86)/Epic Games/4.14/Engine/Plugins/Experimental/CharacterAI/CharacterAI.uplugin
LogPluginManager: Loaded Plugin CodeEditor, From C:/Program Files (x86)/Epic Games/4.14/Engine/Plugins/Experimental/CodeEditor/CodeEditor.uplugin
LogPluginManager: Loaded Plugin CodeView, From C:/Program Files (x86)/Epic Games/4.14/Engine/Plugins/Experimental/CodeView/CodeView.uplugin
LogPluginManager: Loaded Plugin HTML5Networking, From C:/Program Files (x86)/Epic Games/4.14/Engine/Plugins/Experimental/HTML5Networking/HTML5Networking.uplugin
LogPluginManager: Loaded Plugin OSVR, From C:/Program Files (x86)/Epic Games/4.14/Engine/Plugins/Experimental/OSVR/OSVR.uplugin
LogPluginManager: Loaded Plugin Phya, From C:/Program Files (x86)/Epic Games/4.14/Engine/Plugins/Experimental/Phya/Phya.uplugin
LogPluginManager: Loaded Plugin SignificanceManager, From C:/Program Files (x86)/Epic Games/4.14/Engine/Plugins/Experimental/SignificanceManager/SignificanceManager.uplugin
LogPluginManager: Loaded Plugin SimpleHMD, From C:/Program Files (x86)/Epic Games/4.14/Engine/Plugins/Experimental/SimpleHMD/SimpleHMD.uplugin
LogPluginManager: Loaded Plugin StereoPanorama, From C:/Program Files (x86)/Epic Games/4.14/Engine/Plugins/Experimental/StereoPanorama/StereoPanorama.uplugin
LogPluginManager: Loaded Plugin StructBox, From C:/Program Files (x86)/Epic Games/4.14/Engine/Plugins/Experimental/StructBox/StructBox.uplugin
LogPluginManager: Loaded Plugin AndroidMedia, From C:/Program Files (x86)/Epic Games/4.14/Engine/Plugins/Media/AndroidMedia/AndroidMedia.uplugin
LogPluginManager: Loaded Plugin AvfMedia, From C:/Program Files (x86)/Epic Games/4.14/Engine/Plugins/Media/AvfMedia/AvfMedia.uplugin
LogPluginManager: Loaded Plugin MediaPlayerEditor, From C:/Program Files (x86)/Epic Games/4.14/Engine/Plugins/Media/MediaPlayerEditor/MediaPlayerEditor.uplugin
LogPluginManager: Loaded Plugin WmfMedia, From C:/Program Files (x86)/Epic Games/4.14/Engine/Plugins/Media/WmfMedia/WmfMedia.uplugin
LogPluginManager: Loaded Plugin MessagingDebugger, From C:/Program Files (x86)/Epic Games/4.14/Engine/Plugins/Messaging/MessagingDebugger/MessagingDebugger.uplugin
LogPluginManager: Loaded Plugin TcpMessaging, From C:/Program Files (x86)/Epic Games/4.14/Engine/Plugins/Messaging/TcpMessaging/TcpMessaging.uplugin
LogPluginManager: Loaded Plugin UdpMessaging, From C:/Program Files (x86)/Epic Games/4.14/Engine/Plugins/Messaging/UdpMessaging/UdpMessaging.uplugin
LogPluginManager: Loaded Plugin LevelSequenceEditor, From C:/Program Files (x86)/Epic Games/4.14/Engine/Plugins/MovieScene/LevelSequenceEditor/LevelSequenceEditor.uplugin
LogPluginManager: Loaded Plugin MatineeToLevelSequence, From C:/Program Files (x86)/Epic Games/4.14/Engine/Plugins/MovieScene/MatineeToLevelSequence/MatineeToLevelSequence.uplugin
LogPluginManager: Loaded Plugin NetcodeUnitTest, From C:/Program Files (x86)/Epic Games/4.14/Engine/Plugins/NetcodeUnitTest/NetcodeUnitTest/NetcodeUnitTest.uplugin
LogPluginManager: Loaded Plugin NUTUnrealEngine4, From C:/Program Files (x86)/Epic Games/4.14/Engine/Plugins/NetcodeUnitTest/NUTUnrealEngine4/NUTUnrealEngine4.uplugin
LogPluginManager: Loaded Plugin OnlineSubsystemGameCircle, From C:/Program Files (x86)/Epic Games/4.14/Engine/Plugins/Online/Android/OnlineSubsystemGameCircle/OnlineSubsystemGameCircle.uplugin
LogPluginManager: Loaded Plugin OnlineSubsystemGooglePlay, From C:/Program Files (x86)/Epic Games/4.14/Engine/Plugins/Online/Android/OnlineSubsystemGooglePlay/OnlineSubsystemGooglePlay.uplugin
LogPluginManager: Loaded Plugin OnlineSubsystemIOS, From C:/Program Files (x86)/Epic Games/4.14/Engine/Plugins/Online/IOS/OnlineSubsystemIOS/OnlineSubsystemIOS.uplugin
LogPluginManager: Loaded Plugin OnlineFramework, From C:/Program Files (x86)/Epic Games/4.14/Engine/Plugins/Online/OnlineFramework/OnlineFramework.uplugin
LogPluginManager: Loaded Plugin OnlineSubsystem, From C:/Program Files (x86)/Epic Games/4.14/Engine/Plugins/Online/OnlineSubsystem/OnlineSubsystem.uplugin
LogPluginManager: Loaded Plugin OnlineSubsystemAmazon, From C:/Program Files (x86)/Epic Games/4.14/Engine/Plugins/Online/OnlineSubsystemAmazon/OnlineSubsystemAmazon.uplugin
LogPluginManager: Loaded Plugin OnlineSubsystemFacebook, From C:/Program Files (x86)/Epic Games/4.14/Engine/Plugins/Online/OnlineSubsystemFacebook/OnlineSubsystemFacebook.uplugin
LogPluginManager: Loaded Plugin OnlineSubsystemNull, From C:/Program Files (x86)/Epic Games/4.14/Engine/Plugins/Online/OnlineSubsystemNull/OnlineSubsystemNull.uplugin
LogPluginManager: Loaded Plugin OnlineSubsystemOculus, From C:/Program Files (x86)/Epic Games/4.14/Engine/Plugins/Online/OnlineSubsystemOculus/OnlineSubsystemOculus.uplugin
LogPluginManager: Loaded Plugin OnlineSubsystemSteam, From C:/Program Files (x86)/Epic Games/4.14/Engine/Plugins/Online/OnlineSubsystemSteam/OnlineSubsystemSteam.uplugin
LogPluginManager: Loaded Plugin OnlineSubsystemUtils, From C:/Program Files (x86)/Epic Games/4.14/Engine/Plugins/Online/OnlineSubsystemUtils/OnlineSubsystemUtils.uplugin
LogPluginManager: Loaded Plugin IOSTapJoy, From C:/Program Files (x86)/Epic Games/4.14/Engine/Plugins/Runtime/Advertising/IOSTapJoy/IOSTapJoy.uplugin
LogPluginManager: Loaded Plugin AnalyticsBlueprintLibrary, From C:/Program Files (x86)/Epic Games/4.14/Engine/Plugins/Runtime/Analytics/AnalyticsBlueprintLibrary/AnalyticsBlueprintLibrary.uplugin
LogPluginManager: Loaded Plugin AnalyticsMulticast, From C:/Program Files (x86)/Epic Games/4.14/Engine/Plugins/Runtime/Analytics/AnalyticsMulticast/AnalyticsMulticast.uplugin
LogPluginManager: Loaded Plugin Apsalar, From C:/Program Files (x86)/Epic Games/4.14/Engine/Plugins/Runtime/Analytics/Apsalar/Apsalar.uplugin
LogPluginManager: Loaded Plugin FileLogging, From C:/Program Files (x86)/Epic Games/4.14/Engine/Plugins/Runtime/Analytics/FileLogging/FileLogging.uplugin
LogPluginManager: Loaded Plugin Flurry, From C:/Program Files (x86)/Epic Games/4.14/Engine/Plugins/Runtime/Analytics/Flurry/Flurry.uplugin
LogPluginManager: Loaded Plugin AndroidDeviceProfileSelector, From C:/Program Files (x86)/Epic Games/4.14/Engine/Plugins/Runtime/AndroidDeviceProfileSelector/AndroidDeviceProfileSelector.uplugin
LogPluginManager: Loaded Plugin AndroidMoviePlayer, From C:/Program Files (x86)/Epic Games/4.14/Engine/Plugins/Runtime/AndroidMoviePlayer/AndroidMoviePlayer.uplugin
LogPluginManager: Loaded Plugin AppleMoviePlayer, From C:/Program Files (x86)/Epic Games/4.14/Engine/Plugins/Runtime/AppleMoviePlayer/AppleMoviePlayer.uplugin
LogPluginManager: Loaded Plugin ArchVisCharacter, From C:/Program Files (x86)/Epic Games/4.14/Engine/Plugins/Runtime/ArchVisCharacter/ArchVisCharacter.uplugin
LogPluginManager: Loaded Plugin CableComponent, From C:/Program Files (x86)/Epic Games/4.14/Engine/Plugins/Runtime/CableComponent/CableComponent.uplugin
LogPluginManager: Loaded Plugin CustomMeshComponent, From C:/Program Files (x86)/Epic Games/4.14/Engine/Plugins/Runtime/CustomMeshComponent/CustomMeshComponent.uplugin
LogPluginManager: Loaded Plugin ExampleDeviceProfileSelector, From C:/Program Files (x86)/Epic Games/4.14/Engine/Plugins/Runtime/ExampleDeviceProfileSelector/ExampleDeviceProfileSelector.uplugin
LogPluginManager: Loaded Plugin GearVR, From C:/Program Files (x86)/Epic Games/4.14/Engine/Plugins/Runtime/GearVR/GearVR.uplugin
LogPluginManager: Loaded Plugin GoogleVRController, From C:/Program Files (x86)/Epic Games/4.14/Engine/Plugins/Runtime/GoogleVR/GoogleVRController/GoogleVRController.uplugin
LogPluginManager: Loaded Plugin GoogleVRHMD, From C:/Program Files (x86)/Epic Games/4.14/Engine/Plugins/Runtime/GoogleVR/GoogleVRHMD/GoogleVRHMD.uplugin
LogPluginManager: Loaded Plugin IOSDeviceProfileSelector, From C:/Program Files (x86)/Epic Games/4.14/Engine/Plugins/Runtime/IOSDeviceProfileSelector/IOSDeviceProfileSelector.uplugin
LogPluginManager: Loaded Plugin LeapMotion, From C:/Program Files (x86)/Epic Games/4.14/Engine/Plugins/Runtime/LeapMotion/LeapMotion.uplugin
LogPluginManager: Loaded Plugin LinuxDeviceProfileSelector, From C:/Program Files (x86)/Epic Games/4.14/Engine/Plugins/Runtime/LinuxDeviceProfileSelector/LinuxDeviceProfileSelector.uplugin
LogPluginManager: Loaded Plugin MIDIDevice, From C:/Program Files (x86)/Epic Games/4.14/Engine/Plugins/Runtime/MIDIDevice/MIDIDevice.uplugin
LogPluginManager: Loaded Plugin MobilePatchingUtils, From C:/Program Files (x86)/Epic Games/4.14/Engine/Plugins/Runtime/MobilePatchingUtils/MobilePatchingUtils.uplugin
LogPluginManager: Loaded Plugin Ansel, From C:/Program Files (x86)/Epic Games/4.14/Engine/Plugins/Runtime/Nvidia/Ansel/Ansel.uplugin
LogPluginManager: Loaded Plugin OculusAudio, From C:/Program Files (x86)/Epic Games/4.14/Engine/Plugins/Runtime/OculusAudio/OculusAudio.uplugin
LogPluginManager: Loaded Plugin OculusInput, From C:/Program Files (x86)/Epic Games/4.14/Engine/Plugins/Runtime/OculusInput/OculusInput.uplugin
LogPluginManager: Loaded Plugin OculusLibrary, From C:/Program Files (x86)/Epic Games/4.14/Engine/Plugins/Runtime/OculusLibrary/OculusLibrary.uplugin
LogPluginManager: Loaded Plugin OculusRift, From C:/Program Files (x86)/Epic Games/4.14/Engine/Plugins/Runtime/OculusRift/OculusRift.uplugin
LogPluginManager: Loaded Plugin Oodle, From C:/Program Files (x86)/Epic Games/4.14/Engine/Plugins/Runtime/PacketHandlers/CompressionComponents/Oodle/Oodle.uplugin
LogPluginManager: Loaded Plugin ProceduralMeshComponent, From C:/Program Files (x86)/Epic Games/4.14/Engine/Plugins/Runtime/ProceduralMeshComponent/ProceduralMeshComponent.uplugin
LogPluginManager: Loaded Plugin SoundMod, From C:/Program Files (x86)/Epic Games/4.14/Engine/Plugins/Runtime/SoundMod/SoundMod.uplugin
LogPluginManager: Loaded Plugin SoundVisualizations, From C:/Program Files (x86)/Epic Games/4.14/Engine/Plugins/Runtime/SoundVisualizations/SoundVisualizations.uplugin
LogPluginManager: Loaded Plugin SteamController, From C:/Program Files (x86)/Epic Games/4.14/Engine/Plugins/Runtime/Steam/SteamController/SteamController.uplugin
LogPluginManager: Loaded Plugin SteamVR, From C:/Program Files (x86)/Epic Games/4.14/Engine/Plugins/Runtime/Steam/SteamVR/SteamVR.uplugin
LogPluginManager: Loaded Plugin WebBrowserWidget, From C:/Program Files (x86)/Epic Games/4.14/Engine/Plugins/Runtime/WebBrowserWidget/WebBrowserWidget.uplugin
LogPluginManager: Loaded Plugin WindowsDeviceProfileSelector, From C:/Program Files (x86)/Epic Games/4.14/Engine/Plugins/Runtime/WindowsDeviceProfileSelector/WindowsDeviceProfileSelector.uplugin
LogPluginManager: Loaded Plugin WindowsMoviePlayer, From C:/Program Files (x86)/Epic Games/4.14/Engine/Plugins/Runtime/WindowsMoviePlayer/WindowsMoviePlayer.uplugin
LogPluginManager: Loaded Plugin ScriptPlugin, From C:/Program Files (x86)/Epic Games/4.14/Engine/Plugins/ScriptPlugin/ScriptPlugin.uplugin
LogPluginManager: Loaded Plugin SlateRemote, From C:/Program Files (x86)/Epic Games/4.14/Engine/Plugins/Slate/SlateRemote/SlateRemote.uplugin
LogPluginManager: Loaded Plugin EditorTests, From C:/Program Files (x86)/Epic Games/4.14/Engine/Plugins/Tests/EditorTests/EditorTests.uplugin
LogPluginManager: Loaded Plugin FbxAutomationTestBuilder, From C:/Program Files (x86)/Epic Games/4.14/Engine/Plugins/Tests/FbxAutomationTestBuilder/FbxAutomationTestBuilder.uplugin
LogPluginManager: Loaded Plugin FunctionalTestingEditor, From C:/Program Files (x86)/Epic Games/4.14/Engine/Plugins/Tests/FunctionalTestingEditor/FunctionalTestingEditor.uplugin
LogPluginManager: Loaded Plugin RuntimeTests, From C:/Program Files (x86)/Epic Games/4.14/Engine/Plugins/Tests/RuntimeTests/RuntimeTests.uplugin
LogPluginManager: Loaded Plugin ScreenshotTools, From C:/Program Files (x86)/Epic Games/4.14/Engine/Plugins/Tests/ScreenshotTools/ScreenshotTools.uplugin
LogInit: Using libcurl 7.47.1
LogInit:  - built for x86_64-pc-win32
LogInit:  - supports SSL with OpenSSL/1.0.2g
LogInit:  - supports HTTP deflate (compression) using libz 1.2.8
LogInit:  - other features:
LogInit:      CURL_VERSION_SSL
LogInit:      CURL_VERSION_LIBZ
LogInit:      CURL_VERSION_IPV6
LogInit:      CURL_VERSION_ASYNCHDNS
LogInit:      CURL_VERSION_LARGEFILE
LogInit:      CURL_VERSION_IDN
LogInit:  CurlRequestOptions (configurable via config and command line):
LogInit:  - bVerifyPeer = false  - Libcurl will NOT verify peer certificate
LogInit:  - bUseHttpProxy = false  - Libcurl will NOT use HTTP proxy
LogInit:  - bDontReuseConnections = false  - Libcurl will reuse connections
LogInit:  - CertBundlePath = nullptr  - Libcurl will use whatever was configured at build time.
LogInit: Build: ++UE4+Release-4.14-CL-3249277
LogInit: Engine Version: 4.14.3-3249277+++UE4+Release-4.14
LogInit: Compatible Engine Version: 4.14.0-3195953+++UE4+Release-4.14
LogInit: Net CL: 3195953
LogDevObjectVersion: Number of dev versions registered: 13
LogDevObjectVersion:   Dev-Blueprints (B0D832E4-1F89-4F0D-ACCF-7EB736FD4AA2): 7
LogDevObjectVersion:   Dev-Build (E1C64328-A22C-4D53-A36C-8E866417BD8C): 0
LogDevObjectVersion:   Dev-Core (375EC13C-06E4-48FB-B500-84F0262A717E): 1
LogDevObjectVersion:   Dev-Editor (E4B068ED-F494-42E9-A231-DA0B2E46BB41): 8
LogDevObjectVersion:   Dev-Framework (CFFC743F-43B0-4480-9391-14DF171D2073): 17
LogDevObjectVersion:   Dev-Mobile (B02B49B5-BB20-44E9-A304-32B752E40360): 0
LogDevObjectVersion:   Dev-Networking (A4E4105C-59A1-49B5-A7C5-40C4547EDFEE): 0
LogDevObjectVersion:   Dev-Online (39C831C9-5AE6-47DC-9A44-9C173E1C8E7C): 0
LogDevObjectVersion:   Dev-Physics (78F01B33-EBEA-4F98-B9B4-84EACCB95AA2): 0
LogDevObjectVersion:   Dev-Platform (6631380F-2D4D-43E0-8009-CF276956A95A): 0
LogDevObjectVersion:   Dev-Rendering (12F88B9F-8875-4AFC-A67C-D90C383ABD29): 12
LogDevObjectVersion:   Dev-Sequencer (7B5AE74C-D270-4C10-A958-57980B212A5A): 1
LogDevObjectVersion:   Dev-VR (D7296918-1DD6-4BDD-9DE2-64A83CC13884): 0
LogInit: Compiled (64-bit): Jan  6 2017 10:49:43
LogInit: Compiled with Visual C++: 19.00.23026.00
LogInit: Build Configuration: Development
LogInit: Branch Name: ++UE4+Release-4.14
LogInit: Command line: -EpicPortal 
LogInit: Base directory: C:/Program Files (x86)/Epic Games/4.14/Engine/Binaries/Win64/
LogInit: Installed Engine Build: 1
LogInit: Presizing for max 8388607 objects, including 0 objects not considered by GC, pre-allocating 0 bytes for permanent pool.
LogInit: Object subsystem initialized
[2017.02.06-00.42.02:262][  0]LogInit: Selected Device Profile: [Windows]
[2017.02.06-00.42.02:262][  0]LogInit: Applying CVar settings loaded from the selected device profile: [Windows]
[2017.02.06-00.42.02:273][  0]LogInit: Computer: DESKTOP-80AI3VD
[2017.02.06-00.42.02:273][  0]LogInit: User: David
[2017.02.06-00.42.02:273][  0]LogInit: CPU Page size=65536, Cores=4
[2017.02.06-00.42.02:273][  0]LogInit: High frequency timer resolution =3.914064 MHz
[2017.02.06-00.42.02:274][  0]LogMemory: Memory total: Physical=16.0GB (16GB approx)
[2017.02.06-00.42.02:274][  0]LogMemory: Platform Memory Stats for Windows
[2017.02.06-00.42.02:274][  0]LogMemory: Process Physical Memory: 265.34 MB used, 265.34 MB peak
[2017.02.06-00.42.02:274][  0]LogMemory: Process Virtual Memory: 262.75 MB used, 262.75 MB peak
[2017.02.06-00.42.02:274][  0]LogMemory: Physical Memory: 8903.90 MB used,  7439.81 MB free, 16343.71 MB total
[2017.02.06-00.42.02:274][  0]LogMemory: Virtual Memory: 676.14 MB used,  7439.81 MB free, 134217728.00 MB total
[2017.02.06-00.42.02:497][  0]LogTextLocalizationManager: No specific translations for ('en-US') exist, so ('en') translations will be used.
[2017.02.06-00.42.02:999][  0]LogD3D11RHI: D3D11 adapters:
[2017.02.06-00.42.03:393][  0]LogD3D11RHI:    0. 'NVIDIA GeForce GTX 970' (Feature Level 11_0)
[2017.02.06-00.42.03:393][  0]LogD3D11RHI:       4058/0/8171 MB DedicatedVideo/DedicatedSystem/SharedSystem, Outputs:2, VendorId:0x10de
[2017.02.06-00.42.03:394][  0]LogD3D11RHI:    1. 'Microsoft Basic Render Driver' (Feature Level 11_0)
[2017.02.06-00.42.03:394][  0]LogD3D11RHI:       0/0/8171 MB DedicatedVideo/DedicatedSystem/SharedSystem, Outputs:0, VendorId:0x1414
[2017.02.06-00.42.03:394][  0]LogD3D11RHI: Chosen D3D11 Adapter: 0
[2017.02.06-00.42.03:397][  0]LogD3D11RHI: Creating new Direct3DDevice
[2017.02.06-00.42.03:397][  0]LogD3D11RHI:     GPU DeviceId: 0x13c2 (for the marketing name, search the web for "GPU Device Id")
[2017.02.06-00.42.03:397][  0]LogWindows: EnumDisplayDevices:
[2017.02.06-00.42.03:397][  0]LogWindows:    0. 'NVIDIA GeForce GTX 970' (P:0 D:1)
[2017.02.06-00.42.03:398][  0]LogWindows:    1. 'NVIDIA GeForce GTX 970' (P:1 D:1)
[2017.02.06-00.42.03:398][  0]LogWindows:    2. 'NVIDIA GeForce GTX 970' (P:0 D:0)
[2017.02.06-00.42.03:398][  0]LogWindows:    3. 'NVIDIA GeForce GTX 970' (P:0 D:0)
[2017.02.06-00.42.03:398][  0]LogWindows: DebugString: FoundDriverCount:4 
[2017.02.06-00.42.03:398][  0]LogD3D11RHI:     Adapter Name: NVIDIA GeForce GTX 970
[2017.02.06-00.42.03:398][  0]LogD3D11RHI:   Driver Version: 373.06 (internal:21.21.13.7306, unified:373.06)
[2017.02.06-00.42.03:398][  0]LogD3D11RHI:      Driver Date: 10-1-2016
[2017.02.06-00.42.03:398][  0]LogRHI: Texture pool is 1361 MB (70% of 1945 MB)
[2017.02.06-00.42.03:783][  0]LogD3D11RHI: Async texture creation enabled
[2017.02.06-00.42.03:834][  0]LogD3D11RHI: GPU Timing Frequency: 1000.000000 (Debug: 2 2)
[2017.02.06-00.42.03:834][  0]LogShaderCompilers: Guid format shader working directory is -22 characters bigger than the processId version (../../../../../../Users/David/Documents/Unreal Projects/UnrealProj1/Intermediate/Shaders/WorkingDirectory/14456/).
[2017.02.06-00.42.03:834][  0]LogShaderCompilers: Cleaned the shader compiler working directory 'C:/Users/David/AppData/Local/Temp/UnrealShaderWorkingDir/50148FCC42CD5F63C64A97ACAC2B844E/'.
[2017.02.06-00.42.03:834][  0]LogShaderCompilers:Display: Using Local Shader Compiler.
[2017.02.06-00.42.04:654][  0]LogTemp:Display: Loaded TP AllDesktopTargetPlatform
[2017.02.06-00.42.04:697][  0]LogTemp:Display: Loaded TP MacClientTargetPlatform
[2017.02.06-00.42.04:741][  0]LogTemp:Display: Loaded TP MacNoEditorTargetPlatform
[2017.02.06-00.42.04:784][  0]LogTemp:Display: Loaded TP MacServerTargetPlatform
[2017.02.06-00.42.04:828][  0]LogTemp:Display: Loaded TP MacTargetPlatform
[2017.02.06-00.42.04:872][  0]LogTemp:Display: Loaded TP WindowsClientTargetPlatform
[2017.02.06-00.42.04:915][  0]LogTemp:Display: Loaded TP WindowsNoEditorTargetPlatform
[2017.02.06-00.42.04:959][  0]LogTemp:Display: Loaded TP WindowsServerTargetPlatform
[2017.02.06-00.42.04:995][  0]LogTemp:Display: Loaded TP WindowsTargetPlatform
[2017.02.06-00.42.05:038][  0]LogTemp:Display: Loaded TP AndroidTargetPlatform
[2017.02.06-00.42.05:080][  0]LogTemp:Display: Loaded TP Android_ASTCTargetPlatform
[2017.02.06-00.42.05:123][  0]LogTemp:Display: Loaded TP Android_ATCTargetPlatform
[2017.02.06-00.42.05:166][  0]LogTemp:Display: Loaded TP Android_DXTTargetPlatform
[2017.02.06-00.42.05:208][  0]LogTemp:Display: Loaded TP Android_ETC1TargetPlatform
[2017.02.06-00.42.05:251][  0]LogTemp:Display: Loaded TP Android_ETC2TargetPlatform
[2017.02.06-00.42.05:336][  0]LogTemp:Display: Loaded TP Android_MultiTargetPlatform
[2017.02.06-00.42.05:336][  0]LogTemp:Display: Loaded TP Android_PVRTCTargetPlatform
[2017.02.06-00.42.05:367][  0]LogTemp:Display: Loaded TP HTML5TargetPlatform
[2017.02.06-00.42.05:437][  0]LogTemp:Display: Loaded TP IOSTargetPlatform
[2017.02.06-00.42.05:461][  0]LogTemp:Display: Loaded TP TVOSTargetPlatform
[2017.02.06-00.42.05:503][  0]LogTemp:Display: Loaded TP LinuxClientTargetPlatform
[2017.02.06-00.42.05:546][  0]LogTemp:Display: Loaded TP LinuxNoEditorTargetPlatform
[2017.02.06-00.42.05:588][  0]LogTemp:Display: Loaded TP LinuxServerTargetPlatform
[2017.02.06-00.42.05:630][  0]LogTemp:Display: Loaded TP LinuxTargetPlatform
[2017.02.06-00.42.05:630][  0]LogTargetPlatformManager:Display: Building Assets For Windows
[2017.02.06-00.42.05:912][  0]LogDerivedDataCache:Display: Max Cache Size: 512 MB
[2017.02.06-00.42.05:956][  0]LogDerivedDataCache: Loaded boot cache 0.04s 50MB C:/Users/David/AppData/Local/UnrealEngine/4.14/DerivedDataCache/Boot.ddc.
[2017.02.06-00.42.05:956][  0]LogDerivedDataCache:Display: Loaded Boot cache: C:/Users/David/AppData/Local/UnrealEngine/4.14/DerivedDataCache/Boot.ddc
[2017.02.06-00.42.05:956][  0]LogDerivedDataCache: FDerivedDataBackendGraph:  Pak pak cache file ../../../../../../Users/David/Documents/Unreal Projects/UnrealProj1/DerivedDataCache/DDC.ddp not found, will not use a pak cache.
[2017.02.06-00.42.05:956][  0]LogDerivedDataCache: Unable to find inner node Pak for hierarchical cache Hierarchy.
[2017.02.06-00.42.05:956][  0]LogDerivedDataCache: FDerivedDataBackendGraph:  CompressedPak pak cache file ../../../../../../Users/David/Documents/Unreal Projects/UnrealProj1/DerivedDataCache/Compressed.ddp not found, will not use a pak cache.
[2017.02.06-00.42.05:956][  0]LogDerivedDataCache: Unable to find inner node CompressedPak for hierarchical cache Hierarchy.
[2017.02.06-00.42.05:968][  0]LogDerivedDataCache:Display: Pak cache opened for reading ../../../Engine/DerivedDataCache/Compressed.ddp.
[2017.02.06-00.42.05:981][  0]LogDerivedDataCache: Using Local data cache path C:/Users/David/AppData/Local/UnrealEngine/Common/DerivedDataCache: Writable
[2017.02.06-00.42.06:134][  0]LogInit: Selected Device Profile: [Windows]
[2017.02.06-00.42.06:136][  0]LogContentStreaming: Texture pool size is 0.00 MB
[2017.02.06-00.42.06:289][  0]LogMeshUtilities: Using QuadricMeshReduction for automatic static mesh reduction
[2017.02.06-00.42.06:323][  0]LogSimplygon: Simplygon DLL not present - disabling.
[2017.02.06-00.42.06:360][  0]LogMeshUtilities: Using SimplygonSwarm for distributed automatic mesh merging
[2017.02.06-00.42.06:360][  0]LogMeshUtilities: No automatic skeletal mesh reduction module available
[2017.02.06-00.42.06:360][  0]LogMeshUtilities: No automatic mesh merging module available
[2017.02.06-00.42.06:753][  0]LogNetVersion: GetLocalNetworkVersion: CL: 3195953, ProjectName: unrealproj1, ProjectVersion: , EngineNetworkVersion: 2, GameNetworkVersion: 0, NetworkChecksum: 1914932227
[2017.02.06-00.42.06:797][  0]LogAssetRegistry: FAssetRegistry took 0.0215 seconds to start up
[2017.02.06-00.42.06:858][  0]LogPackageLocalizationCache: Processed 3 localized package path(s) for 2 prioritized culture(s) in 0.045730 seconds
[2017.02.06-00.42.06:862][  0]LogUObjectArray: 31946 objects as part of root set at end of initial load.
[2017.02.06-00.42.06:862][  0]LogUObjectAllocator: 6935840 out of 0 bytes used by permanent object pool.
[2017.02.06-00.42.06:862][  0]LogUObjectArray: CloseDisregardForGC: 0/0 objects in disregard for GC pool
[2017.02.06-00.42.06:911][  0]LogInit: WinSock: version 1.1 (2.2), MaxSocks=32767, MaxUdp=65467
[2017.02.06-00.42.07:526][  0]LogSlate: Using Freetype 2.6.0
[2017.02.06-00.42.07:527][  0]LogSlate: SlateFontCache - WITH_FREETYPE: 1, WITH_HARFBUZZ: 1
[2017.02.06-00.42.07:527][  0]LogSlate: SlateFontCache - WITH_FREETYPE: 1, WITH_HARFBUZZ: 1
[2017.02.06-00.42.08:232][  0]LogTcpMessaging: Initializing TcpMessaging bridge
[2017.02.06-00.42.08:264][  0]LogUdpMessaging: Initializing bridge on interface 0.0.0.0:0 to multicast group 230.0.0.1:6666.
[2017.02.06-00.42.08:520][  0]LogMaterial: Uniform references updated for custom material expression Custom.
[2017.02.06-00.42.08:821][  0]SourceControl: Info Source control is disabled
[2017.02.06-00.42.08:844][  0]SourceControl: Info Source control is disabled
[2017.02.06-00.42.08:881][  0]SourceControl: Info Source control is disabled
[2017.02.06-00.42.08:918][  0]SourceControl: Info Source control is disabled
[2017.02.06-00.42.09:142][  0]LogLinker:Warning: Can't find file '/Game/FirstPersonBP/FirstPersonOverview'
[2017.02.06-00.42.09:142][  0]LogLinker:Warning: Can't find file '/Game/FirstPersonBP/FirstPersonOverview'
[2017.02.06-00.42.09:142][  0]LogUObjectGlobals:Warning: Failed to find object 'Class /Game/FirstPersonBP/FirstPersonOverview.FirstPersonOverview_C'
[2017.02.06-00.42.09:909][  0]LogEngine: Initializing Engine...
[2017.02.06-00.42.09:910][  0]LogHMD: Failed to initialize OpenVR with code 110
[2017.02.06-00.42.10:091][  0]LogAIModule: Creating AISystem for world Untitled
[2017.02.06-00.42.10:121][  0]LogInit: XAudio2 using 'Headset Earphone (ASTRO Wireless Transmitter )' : 2 channels at 48 kHz using 16 bits per sample (channel mask 0x3)
[2017.02.06-00.42.10:135][  0]LogInit: FAudioDevice initialized.
[2017.02.06-00.42.10:158][  0]LogDerivedDataCache: Saved boot cache 0.02s 50MB C:/Users/David/AppData/Local/UnrealEngine/4.14/DerivedDataCache/Boot.ddc.
[2017.02.06-00.42.10:163][  0]LogInit: Texture streaming: Enabled
[2017.02.06-00.42.10:298][  0]LogInit: Transaction tracking system initialized
[2017.02.06-00.42.10:569][  0]BlueprintLog: New page: Editor Load
[2017.02.06-00.42.11:247][  0]LocalizationService: Info Localization service is disabled
[2017.02.06-00.42.11:749][  0]LogConsoleResponse:Display: 
[2017.02.06-00.42.11:851][  0]LogCook:Display: Max memory allowance for cook 16384mb min free memory 0mb
[2017.02.06-00.42.11:851][  0]LogCook:Display: Mobile HDR setting 1
[2017.02.06-00.42.12:101][  0]LogFileCache: Scanning file cache for directory 'C:/Users/David/Documents/Unreal Projects/UnrealProj1/Content/' took 0.02s
[2017.02.06-00.42.12:581][  0]SourceControl: Info Source control is disabled
[2017.02.06-00.42.12:636][  0]LogWindowsTextInputMethodSystem:Display: IME system now deactivated.
[2017.02.06-00.42.23:705][  0]LogWindowsTextInputMethodSystem:Display: IME system now deactivated.
[2017.02.06-00.42.23:714][  0]LogWindowsTextInputMethodSystem:Display: IME system now deactivated.
[2017.02.06-00.42.26:522][  0]LogWindowsTextInputMethodSystem:Display: IME system now deactivated.
[2017.02.06-00.42.26:531][  0]LogWindowsTextInputMethodSystem:Display: IME system now deactivated.
[2017.02.06-00.42.26:569][  0]Cmd: MAP LOAD FILE="../../../../../../Users/David/Documents/Unreal Projects/UnrealProj1/Content/Demo/Maps/Level00.umap" TEMPLATE=0 SHOWPROGRESS=1 FEATURELEVEL=3
[2017.02.06-00.42.26:569][  0]LightingResults: New page: Lighting Build
[2017.02.06-00.42.26:611][  0]MapCheck: New page: Map Check
[2017.02.06-00.42.26:611][  0]LightingResults: New page: Lighting Build
[2017.02.06-00.42.27:052][  0]LogAIModule: Creating AISystem for world Level00
[2017.02.06-00.42.27:066][  0]LogEditorServer: Finished looking for orphan Actors (0.000 secs)
[2017.02.06-00.42.27:067][  0]Cmd: MAP CHECKDEP NOCLEARLOG
[2017.02.06-00.42.27:124][  0]MapCheck: Info Map check complete: 0 Error(s), 0 Warning(s), took 57.225ms to complete.
[2017.02.06-00.42.27:124][  0]LogFileHelpers: Loading map 'Level00' took 0.555
[2017.02.06-00.42.27:204][  0]LogStats:Warning: MetaData mismatch. Did you assign a stat to two groups? New //STATGROUP_Threads//SplashScreenThread///Thread_ca4_0///####STATCAT_Advanced#### old //STATGROUP_Threads//SplashScreenThread///Thread_1a30_0///####STATCAT_Advanced####
[2017.02.06-00.42.27:204][  0]LogCollectionManager: Loaded 0 collections in 0.001145 seconds
[2017.02.06-00.42.27:276][  0]LogFileCache: Scanning file cache for directory 'C:/Users/David/Documents/Unreal Projects/UnrealProj1/Saved/Collections/' took 0.01s
[2017.02.06-00.42.27:276][  0]LogFileCache: Scanning file cache for directory 'C:/Users/David/Documents/Unreal Projects/UnrealProj1/Content/Developers/David/Collections/' took 0.01s
[2017.02.06-00.42.27:276][  0]LogFileCache: Scanning file cache for directory 'C:/Users/David/Documents/Unreal Projects/UnrealProj1/Content/Collections/' took 0.01s
[2017.02.06-00.42.27:276][  0]LogCollectionManager: Rebuilt the GUID cache for 0 collections in 0.000001 seconds
[2017.02.06-00.42.27:283][  0]LogContentBrowser: Native class hierarchy populated in 0.0066 seconds. Added 2190 classes and 428 folders.
[2017.02.06-00.42.27:317][  0]LogStats: UGameplayTagsManager::ConstructGameplayTagTree: Construct from data asset -  0.000 s
[2017.02.06-00.42.27:317][  0]LogStats: UGameplayTagsManager::ConstructGameplayTagTree: GameplayTagTreeChangedEvent.Broadcast -  0.000 s
[2017.02.06-00.42.27:318][  0]LogContentBrowser: Native class hierarchy updated for 'GameplayTags' in 0.0008 seconds. Added 13 classes and 0 folders.
[2017.02.06-00.42.27:365][  0]LogContentBrowser: Native class hierarchy updated for 'WidgetCarousel' in 0.0005 seconds. Added 0 classes and 0 folders.
[2017.02.06-00.42.27:570][  0]LogContentBrowser: Native class hierarchy updated for 'AddContentDialog' in 0.0006 seconds. Added 0 classes and 0 folders.
[2017.02.06-00.42.27:605][  0]LogContentBrowser: Native class hierarchy updated for 'SceneOutliner' in 0.0005 seconds. Added 1 classes and 2 folders.
[2017.02.06-00.42.27:665][  0]LogCrashTracker: Crashtracker disabled due to settings.
[2017.02.06-00.42.27:669][  0]LogUObjectGlobals:Warning: Failed to find object 'Class None.'
[2017.02.06-00.42.27:726][  0]LogContentBrowser: Native class hierarchy updated for 'HierarchicalLODOutliner' in 0.0006 seconds. Added 1 classes and 2 folders.
[2017.02.06-00.42.27:727][  0]LogLoad: (Engine Initialization) Total time: 26.72 seconds
[2017.02.06-00.42.27:727][  0]LogLoad: (Engine Initialization) Total Blueprint compile time: 0.13 seconds
[2017.02.06-00.42.27:727][  0]LogExternalProfiler: No external profilers were discovered.  External profiling features will not be available.
[2017.02.06-00.42.27:735][  0]LogOcInput: OculusInput pre-init called
[2017.02.06-00.42.27:751][  0]LogAssetRegistry: Asset discovery search completed in 20.9750 seconds
[2017.02.06-00.42.27:751][  0]LogCollectionManager: Rebuilt the object cache for 0 collections in 0.000001 seconds (found 0 objects)
[2017.02.06-00.42.27:751][  0]LogCollectionManager: Fixed up redirectors for 0 collections in 0.000012 seconds (updated 0 objects)
[2017.02.06-00.42.27:752][  0]LogContentStreaming: Texture pool size now 1000 MB
[2017.02.06-00.42.27:943][  0]LogRenderer: Reallocating scene render targets to support 1208x544 NumSamples 1 (Frame:2).
[2017.02.06-00.42.33:333][195]LogContentBrowser: Native class hierarchy updated for 'BlueprintGraph' in 0.0008 seconds. Added 111 classes and 0 folders.
[2017.02.06-00.43.14:085][547]BlueprintLog: New page: Compile BP_Dude
[2017.02.06-00.43.14:251][547]LogPhysics:Warning: AddBoxesToRigidActor: [/Game/Demo/Blueprints/Ladder.Ladder_C:Box1_GEN_VARIABLE] BoxElems[0] invalid or has invalid transform
[2017.02.06-00.43.14:256][547]LogPhysics:Warning: AddBoxesToRigidActor: [/Game/Demo/Blueprints/Ladder.Ladder_C:Box1_GEN_VARIABLE] BoxElems[0] invalid or has invalid transform
[2017.02.06-00.43.15:278][589]Cmd: OBJ SAVEPACKAGE PACKAGE="/Game/Demo/Blueprints/BP_Dude" FILE="../../../../../../Users/David/Documents/Unreal Projects/UnrealProj1/Content/Demo/Blueprints/BP_Dude.uasset" SILENT=true
[2017.02.06-00.43.15:357][589]LogSavePackage: Save=64.85ms
[2017.02.06-00.43.15:357][589]LogSavePackage: Moving '../../../../../../Users/David/Documents/Unreal Projects/UnrealProj1/Saved/BP_Dude265AAD0E447E9AB6A5E73C8185EDA0F3.tmp' to '../../../../../../Users/David/Documents/Unreal Projects/UnrealProj1/Content/Demo/Blueprints/BP_Dude.uasset'
[2017.02.06-00.43.15:362][589]LogSavePackage:Display: Finished SavePackage ../../../../../../Users/David/Documents/Unreal Projects/UnrealProj1/Content/Demo/Blueprints/BP_Dude.uasset
[2017.02.06-00.46.36:124][689]LogPhysics:Warning: AddBoxesToRigidActor: [/Game/Demo/Blueprints/Ladder.Ladder_C:Box1_GEN_VARIABLE] BoxElems[0] invalid or has invalid transform
[2017.02.06-00.46.36:156][690]LogRenderer: Reallocating scene render targets to support 1208x712 NumSamples 1 (Frame:270).
[2017.02.06-00.46.50:623][ 44]LogRenderer: Reallocating scene render targets to support 1432x924 NumSamples 1 (Frame:1640).
[2017.02.06-00.47.45:395][994]LogTexture:Display: Building textures: 2DBackgroundTile (AutoDXT)
[2017.02.06-00.47.45:402][994]LogMaterial: Missing cached shader map for material PrototypingSpriteMaterial, compiling. 
[2017.02.06-00.48.09:869][479]LogContentBrowser: Native class hierarchy updated for 'TextureEditor' in 0.0006 seconds. Added 1 classes and 2 folders.
[2017.02.06-00.49.52:654][367]LogTemp: Repeting last play command: Selected Viewport
[2017.02.06-00.49.52:672][367]BlueprintLog: New page: Pre-Play auto-recompile
[2017.02.06-00.49.52:672][367]LogPlayLevel: [PlayLevel] Compiling BP_Dude before play...
[2017.02.06-00.49.52:826][367]LogPhysics:Warning: AddBoxesToRigidActor: [/Game/Demo/Blueprints/Ladder.Ladder_C:Box1_GEN_VARIABLE] BoxElems[0] invalid or has invalid transform
[2017.02.06-00.49.52:832][367]LogPhysics:Warning: AddBoxesToRigidActor: [/Game/Demo/Blueprints/Ladder.Ladder_C:Box1_GEN_VARIABLE] BoxElems[0] invalid or has invalid transform
[2017.02.06-00.49.52:860][367]LogPlayLevel: PlayLevel: Blueprint regeneration took 187 ms (1 blueprints)
[2017.02.06-00.49.52:860][367]PIE: New page: PIE session: Level00 (Feb 5, 2017, 2:49:52 PM)
[2017.02.06-00.49.52:860][367]LogPlayLevel: Creating play world package: /Game/Demo/Maps/UEDPIE_0_Level00
[2017.02.06-00.49.52:864][367]LogPlayLevel: PIE: StaticDuplicateObject took: (0.004411s)
[2017.02.06-00.49.52:865][367]LogAIModule: Creating AISystem for world Level00
[2017.02.06-00.49.52:865][367]LogPlayLevel: PIE: World Init took: (0.000604s)
[2017.02.06-00.49.52:865][367]LogPlayLevel: PIE: Created PIE world by copying editor world from /Game/Demo/Maps/Level00.Level00 to /Game/Demo/Maps/UEDPIE_0_Level00.Level00 (0.005309s)
[2017.02.06-00.49.52:905][367]LogInit: XAudio2 using 'VG248-8 (NVIDIA High Definition Audio)' : 2 channels at 48 kHz using 32 bits per sample (channel mask 0x3)
[2017.02.06-00.49.52:912][367]LogInit: FAudioDevice initialized.
[2017.02.06-00.49.52:974][367]LogLoad: Game class is '2DSideScrollerGameMode_C'
[2017.02.06-00.49.52:977][367]LogWorld: Bringing World /Game/Demo/Maps/UEDPIE_0_Level00.Level00 up for play (max tick rate 0) at 2017.02.05-19.49.52
[2017.02.06-00.49.52:977][367]LogWorld: Bringing up level for play took: 0.002660
[2017.02.06-00.49.53:018][367]LogContentBrowser: Native class hierarchy updated for 'MovieSceneCapture' in 0.0007 seconds. Added 11 classes and 0 folders.
[2017.02.06-00.49.53:020][367]PIE:Warning: Warning The widget 'Widget_HUD_C' was already added to the screen.
[2017.02.06-00.49.53:022][367]PIE: Info Play in editor start time for /Game/Demo/Maps/UEDPIE_0_Level00 -0.168
[2017.02.06-00.50.58:123][  6]LogPhysics:Warning: AddBoxesToRigidActor: [/Game/Demo/Blueprints/Ladder.Ladder_C:Box1_GEN_VARIABLE] BoxElems[0] invalid or has invalid transform
[2017.02.06-00.52.44:309][927]LogSavePackage: Save=37.38ms
[2017.02.06-00.52.44:309][927]LogSavePackage: Moving '../../../../../../Users/David/Documents/Unreal Projects/UnrealProj1/Saved/Level00_Auto1A7656DEF4CAA7F4BC8173FB1456AF392.tmp' to '../../../../../../Users/David/Documents/Unreal Projects/UnrealProj1/Saved/Autosaves/Game/Demo/Maps/Level00_Auto1.umap'
[2017.02.06-00.52.44:313][927]LogSavePackage:Display: Finished SavePackage ../../../../../../Users/David/Documents/Unreal Projects/UnrealProj1/Saved/Autosaves/Game/Demo/Maps/Level00_Auto1.umap
[2017.02.06-00.52.44:315][927]LogFileHelpers: Editor autosave (incl. sublevels) for '/Game/Demo/Maps/Level00' took 0.111
[2017.02.06-00.52.44:315][927]LogFileHelpers: Editor autosave (incl. sublevels) for all levels took 0.111
[2017.02.06-00.52.44:362][927]OBJ SavePackage: Generating thumbnails for [0] asset(s) in package [/Game/Demo/Blueprints/BP_Dude] ([1] browsable assets)...
[2017.02.06-00.52.44:362][927]OBJ SavePackage: Finished generating thumbnails for package [/Game/Demo/Blueprints/BP_Dude]
[2017.02.06-00.52.44:440][927]LogSavePackage: Save=68.33ms
[2017.02.06-00.52.44:440][927]LogSavePackage: Moving '../../../../../../Users/David/Documents/Unreal Projects/UnrealProj1/Saved/BP_Dude_Auto15644AC5142EE7DC7217E6A9F0563A129.tmp' to '../../../../../../Users/David/Documents/Unreal Projects/UnrealProj1/Saved/Autosaves/Game/Demo/Blueprints/BP_Dude_Auto1.uasset'
[2017.02.06-00.52.44:444][927]LogSavePackage:Display: Finished SavePackage ../../../../../../Users/David/Documents/Unreal Projects/UnrealProj1/Saved/Autosaves/Game/Demo/Blueprints/BP_Dude_Auto1.uasset
[2017.02.06-00.52.44:445][927]OBJ SavePackage: Generating thumbnails for [1] asset(s) in package [/Game/StarterContent/Shapes/Shape_Plane] ([1] browsable assets)...
[2017.02.06-00.52.44:456][927]OBJ SavePackage:     Rendered thumbnail for [StaticMesh /Game/StarterContent/Shapes/Shape_Plane.Shape_Plane]
[2017.02.06-00.52.44:456][927]OBJ SavePackage: Finished generating thumbnails for package [/Game/StarterContent/Shapes/Shape_Plane]
[2017.02.06-00.52.44:476][927]LogSavePackage: Save=8.09ms
[2017.02.06-00.52.44:476][927]LogSavePackage: Moving '../../../../../../Users/David/Documents/Unreal Projects/UnrealProj1/Saved/Shape_Plane_Auto1896082F1440D5D897B92D8B683B8D85B.tmp' to '../../../../../../Users/David/Documents/Unreal Projects/UnrealProj1/Saved/Autosaves/Game/StarterContent/Shapes/Shape_Plane_Auto1.uasset'
[2017.02.06-00.52.44:479][927]LogSavePackage:Display: Finished SavePackage ../../../../../../Users/David/Documents/Unreal Projects/UnrealProj1/Saved/Autosaves/Game/StarterContent/Shapes/Shape_Plane_Auto1.uasset
[2017.02.06-00.52.44:479][927]LogFileHelpers: Auto-saving content packages took 0.119
[2017.02.06-00.53.37:923][706]LogEditorViewport: Clicking on Actor (LMB): Ladder_C (Ladder)
[2017.02.06-00.53.39:060][836]Cmd: DELETE
[2017.02.06-00.53.39:060][836]Cmd: ACTOR DELETE
[2017.02.06-00.53.39:060][836]LogEditorActor: Deleted Actor: Ladder_C
[2017.02.06-00.53.39:075][836]LogEditorActor: Deleted 1 Actors (0.015 secs)
[2017.02.06-00.54.40:424][474]LogBlueprint:Warning: [BP_Ladder] 'Ladder Top' variable not found. Base class was probably changed.
[2017.02.06-00.54.40:424][474]LogBlueprint:Warning: [BP_Ladder] 'Ladder Bottom' variable not found. Base class was probably changed.
[2017.02.06-00.54.40:424][474]LogBlueprint:Warning: [BP_Ladder] 'RungOffset' variable not found. Base class was probably changed.
