Log file open, 02/06/17 00:17:57
LogInit:Display: Running engine for game: UnrealProj1
LogPlatformFile: Not using cached read wrapper
LogInit:Display: RandInit(-1832056791) SRandInit(-1832056791).
LogTaskGraph: Started task graph with 5 named threads and 8 total threads with 1 sets of task threads.
LogStats: Stats thread started at 0.076015
LogPluginManager: Loaded Plugin Paper2D, From C:/Program Files (x86)/Epic Games/4.14/Engine/Plugins/2D/Paper2D/Paper2D.uplugin
LogPluginManager: Loaded Plugin LightPropagationVolume, From C:/Program Files (x86)/Epic Games/4.14/Engine/Plugins/Blendables/LightPropagationVolume/LightPropagationVolume.uplugin
LogPluginManager: Loaded Plugin BlankPlugin, From C:/Program Files (x86)/Epic Games/4.14/Engine/Plugins/Developer/BlankPlugin/BlankPlugin.uplugin
LogPluginManager: Loaded Plugin CodeLiteSourceCodeAccess, From C:/Program Files (x86)/Epic Games/4.14/Engine/Plugins/Developer/CodeLiteSourceCodeAccess/CodeLiteSourceCodeAccess.uplugin
LogPluginManager: Loaded Plugin GitSourceControl, From C:/Program Files (x86)/Epic Games/4.14/Engine/Plugins/Developer/GitSourceControl/GitSourceControl.uplugin
LogPluginManager: Loaded Plugin KDevelopSourceCodeAccess, From C:/Program Files (x86)/Epic Games/4.14/Engine/Plugins/Developer/KDevelopSourceCodeAccess/KDevelopSourceCodeAccess.uplugin
LogPluginManager: Loaded Plugin NullSourceCodeAccess, From C:/Program Files (x86)/Epic Games/4.14/Engine/Plugins/Developer/NullSourceCodeAccess/NullSourceCodeAccess.uplugin
LogPluginManager: Loaded Plugin OneSkyLocalizationService, From C:/Program Files (x86)/Epic Games/4.14/Engine/Plugins/Developer/OneSkyLocalizationService/OneSkyLocalizationService.uplugin
LogPluginManager: Loaded Plugin PerforceSourceControl, From C:/Program Files (x86)/Epic Games/4.14/Engine/Plugins/Developer/PerforceSourceControl/PerforceSourceControl.uplugin
LogPluginManager: Loaded Plugin SubversionSourceControl, From C:/Program Files (x86)/Epic Games/4.14/Engine/Plugins/Developer/SubversionSourceControl/SubversionSourceControl.uplugin
LogPluginManager: Loaded Plugin UObjectPlugin, From C:/Program Files (x86)/Epic Games/4.14/Engine/Plugins/Developer/UObjectPlugin/UObjectPlugin.uplugin
LogPluginManager: Loaded Plugin VisualStudioSourceCodeAccess, From C:/Program Files (x86)/Epic Games/4.14/Engine/Plugins/Developer/VisualStudioSourceCodeAccess/VisualStudioSourceCodeAccess.uplugin
LogPluginManager: Loaded Plugin XCodeSourceCodeAccess, From C:/Program Files (x86)/Epic Games/4.14/Engine/Plugins/Developer/XCodeSourceCodeAccess/XCodeSourceCodeAccess.uplugin
LogPluginManager: Loaded Plugin AudioCapture, From C:/Program Files (x86)/Epic Games/4.14/Engine/Plugins/Editor/AudioCapture/AudioCapture.uplugin
LogPluginManager: Loaded Plugin EpicSurvey, From C:/Program Files (x86)/Epic Games/4.14/Engine/Plugins/Editor/EpicSurvey/EpicSurvey.uplugin
LogPluginManager: Loaded Plugin MacGraphicsSwitching, From C:/Program Files (x86)/Epic Games/4.14/Engine/Plugins/Editor/MacGraphicsSwitching/MacGraphicsSwitching.uplugin
LogPluginManager: Loaded Plugin MobileLauncherProfileWizard, From C:/Program Files (x86)/Epic Games/4.14/Engine/Plugins/Editor/MobileLauncherProfileWizard/MobileLauncherProfileWizard.uplugin
LogPluginManager: Loaded Plugin PluginBrowser, From C:/Program Files (x86)/Epic Games/4.14/Engine/Plugins/Editor/PluginBrowser/PluginBrowser.uplugin
LogPluginManager: Loaded Plugin SpeedTreeImporter, From C:/Program Files (x86)/Epic Games/4.14/Engine/Plugins/Editor/SpeedTreeImporter/SpeedTreeImporter.uplugin
LogPluginManager: Loaded Plugin SuperSearchEditor, From C:/Program Files (x86)/Epic Games/4.14/Engine/Plugins/Editor/SuperSearchEditor/SuperSearchEditor.uplugin
LogPluginManager: Loaded Plugin AlembicImporter, From C:/Program Files (x86)/Epic Games/4.14/Engine/Plugins/Experimental/AlembicImporter/AlembicImporter.uplugin
LogPluginManager: Loaded Plugin BlueprintStats, From C:/Program Files (x86)/Epic Games/4.14/Engine/Plugins/Experimental/BlueprintStats/BlueprintStats.uplugin
LogPluginManager: Loaded Plugin CharacterAI, From C:/Program Files (x86)/Epic Games/4.14/Engine/Plugins/Experimental/CharacterAI/CharacterAI.uplugin
LogPluginManager: Loaded Plugin CodeEditor, From C:/Program Files (x86)/Epic Games/4.14/Engine/Plugins/Experimental/CodeEditor/CodeEditor.uplugin
LogPluginManager: Loaded Plugin CodeView, From C:/Program Files (x86)/Epic Games/4.14/Engine/Plugins/Experimental/CodeView/CodeView.uplugin
LogPluginManager: Loaded Plugin HTML5Networking, From C:/Program Files (x86)/Epic Games/4.14/Engine/Plugins/Experimental/HTML5Networking/HTML5Networking.uplugin
LogPluginManager: Loaded Plugin OSVR, From C:/Program Files (x86)/Epic Games/4.14/Engine/Plugins/Experimental/OSVR/OSVR.uplugin
LogPluginManager: Loaded Plugin Phya, From C:/Program Files (x86)/Epic Games/4.14/Engine/Plugins/Experimental/Phya/Phya.uplugin
LogPluginManager: Loaded Plugin SignificanceManager, From C:/Program Files (x86)/Epic Games/4.14/Engine/Plugins/Experimental/SignificanceManager/SignificanceManager.uplugin
LogPluginManager: Loaded Plugin SimpleHMD, From C:/Program Files (x86)/Epic Games/4.14/Engine/Plugins/Experimental/SimpleHMD/SimpleHMD.uplugin
LogPluginManager: Loaded Plugin StereoPanorama, From C:/Program Files (x86)/Epic Games/4.14/Engine/Plugins/Experimental/StereoPanorama/StereoPanorama.uplugin
LogPluginManager: Loaded Plugin StructBox, From C:/Program Files (x86)/Epic Games/4.14/Engine/Plugins/Experimental/StructBox/StructBox.uplugin
LogPluginManager: Loaded Plugin AndroidMedia, From C:/Program Files (x86)/Epic Games/4.14/Engine/Plugins/Media/AndroidMedia/AndroidMedia.uplugin
LogPluginManager: Loaded Plugin AvfMedia, From C:/Program Files (x86)/Epic Games/4.14/Engine/Plugins/Media/AvfMedia/AvfMedia.uplugin
LogPluginManager: Loaded Plugin MediaPlayerEditor, From C:/Program Files (x86)/Epic Games/4.14/Engine/Plugins/Media/MediaPlayerEditor/MediaPlayerEditor.uplugin
LogPluginManager: Loaded Plugin WmfMedia, From C:/Program Files (x86)/Epic Games/4.14/Engine/Plugins/Media/WmfMedia/WmfMedia.uplugin
LogPluginManager: Loaded Plugin MessagingDebugger, From C:/Program Files (x86)/Epic Games/4.14/Engine/Plugins/Messaging/MessagingDebugger/MessagingDebugger.uplugin
LogPluginManager: Loaded Plugin TcpMessaging, From C:/Program Files (x86)/Epic Games/4.14/Engine/Plugins/Messaging/TcpMessaging/TcpMessaging.uplugin
LogPluginManager: Loaded Plugin UdpMessaging, From C:/Program Files (x86)/Epic Games/4.14/Engine/Plugins/Messaging/UdpMessaging/UdpMessaging.uplugin
LogPluginManager: Loaded Plugin LevelSequenceEditor, From C:/Program Files (x86)/Epic Games/4.14/Engine/Plugins/MovieScene/LevelSequenceEditor/LevelSequenceEditor.uplugin
LogPluginManager: Loaded Plugin MatineeToLevelSequence, From C:/Program Files (x86)/Epic Games/4.14/Engine/Plugins/MovieScene/MatineeToLevelSequence/MatineeToLevelSequence.uplugin
LogPluginManager: Loaded Plugin NetcodeUnitTest, From C:/Program Files (x86)/Epic Games/4.14/Engine/Plugins/NetcodeUnitTest/NetcodeUnitTest/NetcodeUnitTest.uplugin
LogPluginManager: Loaded Plugin NUTUnrealEngine4, From C:/Program Files (x86)/Epic Games/4.14/Engine/Plugins/NetcodeUnitTest/NUTUnrealEngine4/NUTUnrealEngine4.uplugin
LogPluginManager: Loaded Plugin OnlineSubsystemGameCircle, From C:/Program Files (x86)/Epic Games/4.14/Engine/Plugins/Online/Android/OnlineSubsystemGameCircle/OnlineSubsystemGameCircle.uplugin
LogPluginManager: Loaded Plugin OnlineSubsystemGooglePlay, From C:/Program Files (x86)/Epic Games/4.14/Engine/Plugins/Online/Android/OnlineSubsystemGooglePlay/OnlineSubsystemGooglePlay.uplugin
LogPluginManager: Loaded Plugin OnlineSubsystemIOS, From C:/Program Files (x86)/Epic Games/4.14/Engine/Plugins/Online/IOS/OnlineSubsystemIOS/OnlineSubsystemIOS.uplugin
LogPluginManager: Loaded Plugin OnlineFramework, From C:/Program Files (x86)/Epic Games/4.14/Engine/Plugins/Online/OnlineFramework/OnlineFramework.uplugin
LogPluginManager: Loaded Plugin OnlineSubsystem, From C:/Program Files (x86)/Epic Games/4.14/Engine/Plugins/Online/OnlineSubsystem/OnlineSubsystem.uplugin
LogPluginManager: Loaded Plugin OnlineSubsystemAmazon, From C:/Program Files (x86)/Epic Games/4.14/Engine/Plugins/Online/OnlineSubsystemAmazon/OnlineSubsystemAmazon.uplugin
LogPluginManager: Loaded Plugin OnlineSubsystemFacebook, From C:/Program Files (x86)/Epic Games/4.14/Engine/Plugins/Online/OnlineSubsystemFacebook/OnlineSubsystemFacebook.uplugin
LogPluginManager: Loaded Plugin OnlineSubsystemNull, From C:/Program Files (x86)/Epic Games/4.14/Engine/Plugins/Online/OnlineSubsystemNull/OnlineSubsystemNull.uplugin
LogPluginManager: Loaded Plugin OnlineSubsystemOculus, From C:/Program Files (x86)/Epic Games/4.14/Engine/Plugins/Online/OnlineSubsystemOculus/OnlineSubsystemOculus.uplugin
LogPluginManager: Loaded Plugin OnlineSubsystemSteam, From C:/Program Files (x86)/Epic Games/4.14/Engine/Plugins/Online/OnlineSubsystemSteam/OnlineSubsystemSteam.uplugin
LogPluginManager: Loaded Plugin OnlineSubsystemUtils, From C:/Program Files (x86)/Epic Games/4.14/Engine/Plugins/Online/OnlineSubsystemUtils/OnlineSubsystemUtils.uplugin
LogPluginManager: Loaded Plugin IOSTapJoy, From C:/Program Files (x86)/Epic Games/4.14/Engine/Plugins/Runtime/Advertising/IOSTapJoy/IOSTapJoy.uplugin
LogPluginManager: Loaded Plugin AnalyticsBlueprintLibrary, From C:/Program Files (x86)/Epic Games/4.14/Engine/Plugins/Runtime/Analytics/AnalyticsBlueprintLibrary/AnalyticsBlueprintLibrary.uplugin
LogPluginManager: Loaded Plugin AnalyticsMulticast, From C:/Program Files (x86)/Epic Games/4.14/Engine/Plugins/Runtime/Analytics/AnalyticsMulticast/AnalyticsMulticast.uplugin
LogPluginManager: Loaded Plugin Apsalar, From C:/Program Files (x86)/Epic Games/4.14/Engine/Plugins/Runtime/Analytics/Apsalar/Apsalar.uplugin
LogPluginManager: Loaded Plugin FileLogging, From C:/Program Files (x86)/Epic Games/4.14/Engine/Plugins/Runtime/Analytics/FileLogging/FileLogging.uplugin
LogPluginManager: Loaded Plugin Flurry, From C:/Program Files (x86)/Epic Games/4.14/Engine/Plugins/Runtime/Analytics/Flurry/Flurry.uplugin
LogPluginManager: Loaded Plugin AndroidDeviceProfileSelector, From C:/Program Files (x86)/Epic Games/4.14/Engine/Plugins/Runtime/AndroidDeviceProfileSelector/AndroidDeviceProfileSelector.uplugin
LogPluginManager: Loaded Plugin AndroidMoviePlayer, From C:/Program Files (x86)/Epic Games/4.14/Engine/Plugins/Runtime/AndroidMoviePlayer/AndroidMoviePlayer.uplugin
LogPluginManager: Loaded Plugin AppleMoviePlayer, From C:/Program Files (x86)/Epic Games/4.14/Engine/Plugins/Runtime/AppleMoviePlayer/AppleMoviePlayer.uplugin
LogPluginManager: Loaded Plugin ArchVisCharacter, From C:/Program Files (x86)/Epic Games/4.14/Engine/Plugins/Runtime/ArchVisCharacter/ArchVisCharacter.uplugin
LogPluginManager: Loaded Plugin CableComponent, From C:/Program Files (x86)/Epic Games/4.14/Engine/Plugins/Runtime/CableComponent/CableComponent.uplugin
LogPluginManager: Loaded Plugin CustomMeshComponent, From C:/Program Files (x86)/Epic Games/4.14/Engine/Plugins/Runtime/CustomMeshComponent/CustomMeshComponent.uplugin
LogPluginManager: Loaded Plugin ExampleDeviceProfileSelector, From C:/Program Files (x86)/Epic Games/4.14/Engine/Plugins/Runtime/ExampleDeviceProfileSelector/ExampleDeviceProfileSelector.uplugin
LogPluginManager: Loaded Plugin GearVR, From C:/Program Files (x86)/Epic Games/4.14/Engine/Plugins/Runtime/GearVR/GearVR.uplugin
LogPluginManager: Loaded Plugin GoogleVRController, From C:/Program Files (x86)/Epic Games/4.14/Engine/Plugins/Runtime/GoogleVR/GoogleVRController/GoogleVRController.uplugin
LogPluginManager: Loaded Plugin GoogleVRHMD, From C:/Program Files (x86)/Epic Games/4.14/Engine/Plugins/Runtime/GoogleVR/GoogleVRHMD/GoogleVRHMD.uplugin
LogPluginManager: Loaded Plugin IOSDeviceProfileSelector, From C:/Program Files (x86)/Epic Games/4.14/Engine/Plugins/Runtime/IOSDeviceProfileSelector/IOSDeviceProfileSelector.uplugin
LogPluginManager: Loaded Plugin LeapMotion, From C:/Program Files (x86)/Epic Games/4.14/Engine/Plugins/Runtime/LeapMotion/LeapMotion.uplugin
LogPluginManager: Loaded Plugin LinuxDeviceProfileSelector, From C:/Program Files (x86)/Epic Games/4.14/Engine/Plugins/Runtime/LinuxDeviceProfileSelector/LinuxDeviceProfileSelector.uplugin
LogPluginManager: Loaded Plugin MIDIDevice, From C:/Program Files (x86)/Epic Games/4.14/Engine/Plugins/Runtime/MIDIDevice/MIDIDevice.uplugin
LogPluginManager: Loaded Plugin MobilePatchingUtils, From C:/Program Files (x86)/Epic Games/4.14/Engine/Plugins/Runtime/MobilePatchingUtils/MobilePatchingUtils.uplugin
LogPluginManager: Loaded Plugin Ansel, From C:/Program Files (x86)/Epic Games/4.14/Engine/Plugins/Runtime/Nvidia/Ansel/Ansel.uplugin
LogPluginManager: Loaded Plugin OculusAudio, From C:/Program Files (x86)/Epic Games/4.14/Engine/Plugins/Runtime/OculusAudio/OculusAudio.uplugin
LogPluginManager: Loaded Plugin OculusInput, From C:/Program Files (x86)/Epic Games/4.14/Engine/Plugins/Runtime/OculusInput/OculusInput.uplugin
LogPluginManager: Loaded Plugin OculusLibrary, From C:/Program Files (x86)/Epic Games/4.14/Engine/Plugins/Runtime/OculusLibrary/OculusLibrary.uplugin
LogPluginManager: Loaded Plugin OculusRift, From C:/Program Files (x86)/Epic Games/4.14/Engine/Plugins/Runtime/OculusRift/OculusRift.uplugin
LogPluginManager: Loaded Plugin Oodle, From C:/Program Files (x86)/Epic Games/4.14/Engine/Plugins/Runtime/PacketHandlers/CompressionComponents/Oodle/Oodle.uplugin
LogPluginManager: Loaded Plugin ProceduralMeshComponent, From C:/Program Files (x86)/Epic Games/4.14/Engine/Plugins/Runtime/ProceduralMeshComponent/ProceduralMeshComponent.uplugin
LogPluginManager: Loaded Plugin SoundMod, From C:/Program Files (x86)/Epic Games/4.14/Engine/Plugins/Runtime/SoundMod/SoundMod.uplugin
LogPluginManager: Loaded Plugin SoundVisualizations, From C:/Program Files (x86)/Epic Games/4.14/Engine/Plugins/Runtime/SoundVisualizations/SoundVisualizations.uplugin
LogPluginManager: Loaded Plugin SteamController, From C:/Program Files (x86)/Epic Games/4.14/Engine/Plugins/Runtime/Steam/SteamController/SteamController.uplugin
LogPluginManager: Loaded Plugin SteamVR, From C:/Program Files (x86)/Epic Games/4.14/Engine/Plugins/Runtime/Steam/SteamVR/SteamVR.uplugin
LogPluginManager: Loaded Plugin WebBrowserWidget, From C:/Program Files (x86)/Epic Games/4.14/Engine/Plugins/Runtime/WebBrowserWidget/WebBrowserWidget.uplugin
LogPluginManager: Loaded Plugin WindowsDeviceProfileSelector, From C:/Program Files (x86)/Epic Games/4.14/Engine/Plugins/Runtime/WindowsDeviceProfileSelector/WindowsDeviceProfileSelector.uplugin
LogPluginManager: Loaded Plugin WindowsMoviePlayer, From C:/Program Files (x86)/Epic Games/4.14/Engine/Plugins/Runtime/WindowsMoviePlayer/WindowsMoviePlayer.uplugin
LogPluginManager: Loaded Plugin ScriptPlugin, From C:/Program Files (x86)/Epic Games/4.14/Engine/Plugins/ScriptPlugin/ScriptPlugin.uplugin
LogPluginManager: Loaded Plugin SlateRemote, From C:/Program Files (x86)/Epic Games/4.14/Engine/Plugins/Slate/SlateRemote/SlateRemote.uplugin
LogPluginManager: Loaded Plugin EditorTests, From C:/Program Files (x86)/Epic Games/4.14/Engine/Plugins/Tests/EditorTests/EditorTests.uplugin
LogPluginManager: Loaded Plugin FbxAutomationTestBuilder, From C:/Program Files (x86)/Epic Games/4.14/Engine/Plugins/Tests/FbxAutomationTestBuilder/FbxAutomationTestBuilder.uplugin
LogPluginManager: Loaded Plugin FunctionalTestingEditor, From C:/Program Files (x86)/Epic Games/4.14/Engine/Plugins/Tests/FunctionalTestingEditor/FunctionalTestingEditor.uplugin
LogPluginManager: Loaded Plugin RuntimeTests, From C:/Program Files (x86)/Epic Games/4.14/Engine/Plugins/Tests/RuntimeTests/RuntimeTests.uplugin
LogPluginManager: Loaded Plugin ScreenshotTools, From C:/Program Files (x86)/Epic Games/4.14/Engine/Plugins/Tests/ScreenshotTools/ScreenshotTools.uplugin
LogInit: Using libcurl 7.47.1
LogInit:  - built for x86_64-pc-win32
LogInit:  - supports SSL with OpenSSL/1.0.2g
LogInit:  - supports HTTP deflate (compression) using libz 1.2.8
LogInit:  - other features:
LogInit:      CURL_VERSION_SSL
LogInit:      CURL_VERSION_LIBZ
LogInit:      CURL_VERSION_IPV6
LogInit:      CURL_VERSION_ASYNCHDNS
LogInit:      CURL_VERSION_LARGEFILE
LogInit:      CURL_VERSION_IDN
LogInit:  CurlRequestOptions (configurable via config and command line):
LogInit:  - bVerifyPeer = false  - Libcurl will NOT verify peer certificate
LogInit:  - bUseHttpProxy = false  - Libcurl will NOT use HTTP proxy
LogInit:  - bDontReuseConnections = false  - Libcurl will reuse connections
LogInit:  - CertBundlePath = nullptr  - Libcurl will use whatever was configured at build time.
LogInit: Build: ++UE4+Release-4.14-CL-3249277
LogInit: Engine Version: 4.14.3-3249277+++UE4+Release-4.14
LogInit: Compatible Engine Version: 4.14.0-3195953+++UE4+Release-4.14
LogInit: Net CL: 3195953
LogDevObjectVersion: Number of dev versions registered: 13
LogDevObjectVersion:   Dev-Blueprints (B0D832E4-1F89-4F0D-ACCF-7EB736FD4AA2): 7
LogDevObjectVersion:   Dev-Build (E1C64328-A22C-4D53-A36C-8E866417BD8C): 0
LogDevObjectVersion:   Dev-Core (375EC13C-06E4-48FB-B500-84F0262A717E): 1
LogDevObjectVersion:   Dev-Editor (E4B068ED-F494-42E9-A231-DA0B2E46BB41): 8
LogDevObjectVersion:   Dev-Framework (CFFC743F-43B0-4480-9391-14DF171D2073): 17
LogDevObjectVersion:   Dev-Mobile (B02B49B5-BB20-44E9-A304-32B752E40360): 0
LogDevObjectVersion:   Dev-Networking (A4E4105C-59A1-49B5-A7C5-40C4547EDFEE): 0
LogDevObjectVersion:   Dev-Online (39C831C9-5AE6-47DC-9A44-9C173E1C8E7C): 0
LogDevObjectVersion:   Dev-Physics (78F01B33-EBEA-4F98-B9B4-84EACCB95AA2): 0
LogDevObjectVersion:   Dev-Platform (6631380F-2D4D-43E0-8009-CF276956A95A): 0
LogDevObjectVersion:   Dev-Rendering (12F88B9F-8875-4AFC-A67C-D90C383ABD29): 12
LogDevObjectVersion:   Dev-Sequencer (7B5AE74C-D270-4C10-A958-57980B212A5A): 1
LogDevObjectVersion:   Dev-VR (D7296918-1DD6-4BDD-9DE2-64A83CC13884): 0
LogInit: Compiled (64-bit): Jan  6 2017 10:49:43
LogInit: Compiled with Visual C++: 19.00.23026.00
LogInit: Build Configuration: Development
LogInit: Branch Name: ++UE4+Release-4.14
LogInit: Command line: -EpicPortal
LogInit: Base directory: C:/Program Files (x86)/Epic Games/4.14/Engine/Binaries/Win64/
LogInit: Installed Engine Build: 1
LogInit: Presizing for max 8388607 objects, including 0 objects not considered by GC, pre-allocating 0 bytes for permanent pool.
LogInit: Object subsystem initialized
[2017.02.06-05.17.58:051][  0]LogInit: Selected Device Profile: [Windows]
[2017.02.06-05.17.58:051][  0]LogInit: Applying CVar settings loaded from the selected device profile: [Windows]
[2017.02.06-05.17.58:060][  0]LogInit: Computer: DESKTOP-80AI3VD
[2017.02.06-05.17.58:060][  0]LogInit: User: David
[2017.02.06-05.17.58:060][  0]LogInit: CPU Page size=65536, Cores=4
[2017.02.06-05.17.58:060][  0]LogInit: High frequency timer resolution =3.914064 MHz
[2017.02.06-05.17.58:060][  0]LogMemory: Memory total: Physical=16.0GB (16GB approx)
[2017.02.06-05.17.58:060][  0]LogMemory: Platform Memory Stats for Windows
[2017.02.06-05.17.58:060][  0]LogMemory: Process Physical Memory: 263.62 MB used, 263.62 MB peak
[2017.02.06-05.17.58:060][  0]LogMemory: Process Virtual Memory: 262.65 MB used, 262.65 MB peak
[2017.02.06-05.17.58:060][  0]LogMemory: Physical Memory: 9085.99 MB used,  7257.72 MB free, 16343.71 MB total
[2017.02.06-05.17.58:060][  0]LogMemory: Virtual Memory: 676.14 MB used,  7257.72 MB free, 134217728.00 MB total
[2017.02.06-05.17.58:315][  0]LogTextLocalizationManager: No specific translations for ('en-US') exist, so ('en') translations will be used.
[2017.02.06-05.17.59:093][  0]LogD3D11RHI: D3D11 adapters:
[2017.02.06-05.17.59:524][  0]LogD3D11RHI:    0. 'NVIDIA GeForce GTX 970' (Feature Level 11_0)
[2017.02.06-05.17.59:524][  0]LogD3D11RHI:       4058/0/8171 MB DedicatedVideo/DedicatedSystem/SharedSystem, Outputs:2, VendorId:0x10de
[2017.02.06-05.17.59:526][  0]LogD3D11RHI:    1. 'Microsoft Basic Render Driver' (Feature Level 11_0)
[2017.02.06-05.17.59:526][  0]LogD3D11RHI:       0/0/8171 MB DedicatedVideo/DedicatedSystem/SharedSystem, Outputs:0, VendorId:0x1414
[2017.02.06-05.17.59:526][  0]LogD3D11RHI: Chosen D3D11 Adapter: 0
[2017.02.06-05.17.59:530][  0]LogD3D11RHI: Creating new Direct3DDevice
[2017.02.06-05.17.59:530][  0]LogD3D11RHI:     GPU DeviceId: 0x13c2 (for the marketing name, search the web for "GPU Device Id")
[2017.02.06-05.17.59:530][  0]LogWindows: EnumDisplayDevices:
[2017.02.06-05.17.59:530][  0]LogWindows:    0. 'NVIDIA GeForce GTX 970' (P:0 D:1)
[2017.02.06-05.17.59:531][  0]LogWindows:    1. 'NVIDIA GeForce GTX 970' (P:1 D:1)
[2017.02.06-05.17.59:531][  0]LogWindows:    2. 'NVIDIA GeForce GTX 970' (P:0 D:0)
[2017.02.06-05.17.59:531][  0]LogWindows:    3. 'NVIDIA GeForce GTX 970' (P:0 D:0)
[2017.02.06-05.17.59:531][  0]LogWindows: DebugString: FoundDriverCount:4 
[2017.02.06-05.17.59:531][  0]LogD3D11RHI:     Adapter Name: NVIDIA GeForce GTX 970
[2017.02.06-05.17.59:531][  0]LogD3D11RHI:   Driver Version: 373.06 (internal:21.21.13.7306, unified:373.06)
[2017.02.06-05.17.59:531][  0]LogD3D11RHI:      Driver Date: 10-1-2016
[2017.02.06-05.17.59:531][  0]LogRHI: Texture pool is 1361 MB (70% of 1945 MB)
[2017.02.06-05.17.59:943][  0]LogD3D11RHI: Async texture creation enabled
[2017.02.06-05.17.59:986][  0]LogD3D11RHI: GPU Timing Frequency: 1000.000000 (Debug: 2 1)
[2017.02.06-05.17.59:986][  0]LogShaderCompilers: Guid format shader working directory is -22 characters bigger than the processId version (../../../../../../Users/David/Documents/Unreal Projects/UnrealProj1/Intermediate/Shaders/WorkingDirectory/10872/).
[2017.02.06-05.17.59:986][  0]LogShaderCompilers: Cleaned the shader compiler working directory 'C:/Users/David/AppData/Local/Temp/UnrealShaderWorkingDir/83406D77407501F3928E0C8D3987B1BE/'.
[2017.02.06-05.17.59:986][  0]LogShaderCompilers:Display: Using Local Shader Compiler.
[2017.02.06-05.18.01:067][  0]LogTemp:Display: Loaded TP AllDesktopTargetPlatform
[2017.02.06-05.18.01:114][  0]LogTemp:Display: Loaded TP MacClientTargetPlatform
[2017.02.06-05.18.01:161][  0]LogTemp:Display: Loaded TP MacNoEditorTargetPlatform
[2017.02.06-05.18.01:208][  0]LogTemp:Display: Loaded TP MacServerTargetPlatform
[2017.02.06-05.18.01:255][  0]LogTemp:Display: Loaded TP MacTargetPlatform
[2017.02.06-05.18.01:303][  0]LogTemp:Display: Loaded TP WindowsClientTargetPlatform
[2017.02.06-05.18.01:352][  0]LogTemp:Display: Loaded TP WindowsNoEditorTargetPlatform
[2017.02.06-05.18.01:400][  0]LogTemp:Display: Loaded TP WindowsServerTargetPlatform
[2017.02.06-05.18.01:441][  0]LogTemp:Display: Loaded TP WindowsTargetPlatform
[2017.02.06-05.18.01:486][  0]LogTemp:Display: Loaded TP AndroidTargetPlatform
[2017.02.06-05.18.01:533][  0]LogTemp:Display: Loaded TP Android_ASTCTargetPlatform
[2017.02.06-05.18.01:579][  0]LogTemp:Display: Loaded TP Android_ATCTargetPlatform
[2017.02.06-05.18.01:624][  0]LogTemp:Display: Loaded TP Android_DXTTargetPlatform
[2017.02.06-05.18.01:671][  0]LogTemp:Display: Loaded TP Android_ETC1TargetPlatform
[2017.02.06-05.18.01:718][  0]LogTemp:Display: Loaded TP Android_ETC2TargetPlatform
[2017.02.06-05.18.01:808][  0]LogTemp:Display: Loaded TP Android_MultiTargetPlatform
[2017.02.06-05.18.01:808][  0]LogTemp:Display: Loaded TP Android_PVRTCTargetPlatform
[2017.02.06-05.18.01:842][  0]LogTemp:Display: Loaded TP HTML5TargetPlatform
[2017.02.06-05.18.01:916][  0]LogTemp:Display: Loaded TP IOSTargetPlatform
[2017.02.06-05.18.01:942][  0]LogTemp:Display: Loaded TP TVOSTargetPlatform
[2017.02.06-05.18.01:987][  0]LogTemp:Display: Loaded TP LinuxClientTargetPlatform
[2017.02.06-05.18.02:032][  0]LogTemp:Display: Loaded TP LinuxNoEditorTargetPlatform
[2017.02.06-05.18.02:078][  0]LogTemp:Display: Loaded TP LinuxServerTargetPlatform
[2017.02.06-05.18.02:124][  0]LogTemp:Display: Loaded TP LinuxTargetPlatform
[2017.02.06-05.18.02:124][  0]LogTargetPlatformManager:Display: Building Assets For Windows
[2017.02.06-05.18.02:440][  0]LogDerivedDataCache:Display: Max Cache Size: 512 MB
[2017.02.06-05.18.02:631][  0]LogDerivedDataCache: Loaded boot cache 0.19s 50MB C:/Users/David/AppData/Local/UnrealEngine/4.14/DerivedDataCache/Boot.ddc.
[2017.02.06-05.18.02:631][  0]LogDerivedDataCache:Display: Loaded Boot cache: C:/Users/David/AppData/Local/UnrealEngine/4.14/DerivedDataCache/Boot.ddc
[2017.02.06-05.18.02:631][  0]LogDerivedDataCache: FDerivedDataBackendGraph:  Pak pak cache file ../../../../../../Users/David/Documents/Unreal Projects/UnrealProj1/DerivedDataCache/DDC.ddp not found, will not use a pak cache.
[2017.02.06-05.18.02:631][  0]LogDerivedDataCache: Unable to find inner node Pak for hierarchical cache Hierarchy.
[2017.02.06-05.18.02:631][  0]LogDerivedDataCache: FDerivedDataBackendGraph:  CompressedPak pak cache file ../../../../../../Users/David/Documents/Unreal Projects/UnrealProj1/DerivedDataCache/Compressed.ddp not found, will not use a pak cache.
[2017.02.06-05.18.02:631][  0]LogDerivedDataCache: Unable to find inner node CompressedPak for hierarchical cache Hierarchy.
[2017.02.06-05.18.02:644][  0]LogDerivedDataCache:Display: Pak cache opened for reading ../../../Engine/DerivedDataCache/Compressed.ddp.
[2017.02.06-05.18.02:656][  0]LogDerivedDataCache: Using Local data cache path C:/Users/David/AppData/Local/UnrealEngine/Common/DerivedDataCache: Writable
[2017.02.06-05.18.02:989][  0]LogInit: Selected Device Profile: [Windows]
[2017.02.06-05.18.02:992][  0]LogContentStreaming: Texture pool size is 0.00 MB
[2017.02.06-05.18.03:166][  0]LogMeshUtilities: Using QuadricMeshReduction for automatic static mesh reduction
[2017.02.06-05.18.03:206][  0]LogSimplygon: Simplygon DLL not present - disabling.
[2017.02.06-05.18.03:257][  0]LogMeshUtilities: Using SimplygonSwarm for distributed automatic mesh merging
[2017.02.06-05.18.03:257][  0]LogMeshUtilities: No automatic skeletal mesh reduction module available
[2017.02.06-05.18.03:257][  0]LogMeshUtilities: No automatic mesh merging module available
[2017.02.06-05.18.03:869][  0]LogNetVersion: GetLocalNetworkVersion: CL: 3195953, ProjectName: unrealproj1, ProjectVersion: , EngineNetworkVersion: 2, GameNetworkVersion: 0, NetworkChecksum: 1914932227
[2017.02.06-05.18.03:924][  0]LogAssetRegistry: FAssetRegistry took 0.0218 seconds to start up
[2017.02.06-05.18.03:992][  0]LogPackageLocalizationCache: Processed 3 localized package path(s) for 2 prioritized culture(s) in 0.047436 seconds
[2017.02.06-05.18.03:998][  0]LogUObjectArray: 31946 objects as part of root set at end of initial load.
[2017.02.06-05.18.03:998][  0]LogUObjectAllocator: 6935840 out of 0 bytes used by permanent object pool.
[2017.02.06-05.18.03:998][  0]LogUObjectArray: CloseDisregardForGC: 0/0 objects in disregard for GC pool
[2017.02.06-05.18.04:050][  0]LogInit: WinSock: version 1.1 (2.2), MaxSocks=32767, MaxUdp=65467
[2017.02.06-05.18.04:765][  0]LogSlate: Using Freetype 2.6.0
[2017.02.06-05.18.04:766][  0]LogSlate: SlateFontCache - WITH_FREETYPE: 1, WITH_HARFBUZZ: 1
[2017.02.06-05.18.04:766][  0]LogSlate: SlateFontCache - WITH_FREETYPE: 1, WITH_HARFBUZZ: 1
[2017.02.06-05.18.05:943][  0]LogTcpMessaging: Initializing TcpMessaging bridge
[2017.02.06-05.18.05:976][  0]LogUdpMessaging: Initializing bridge on interface 0.0.0.0:0 to multicast group 230.0.0.1:6666.
[2017.02.06-05.18.06:264][  0]LogMaterial: Uniform references updated for custom material expression Custom.
[2017.02.06-05.18.06:595][  0]SourceControl: Info Source control is disabled
[2017.02.06-05.18.06:621][  0]SourceControl: Info Source control is disabled
[2017.02.06-05.18.06:662][  0]SourceControl: Info Source control is disabled
[2017.02.06-05.18.06:700][  0]SourceControl: Info Source control is disabled
[2017.02.06-05.18.06:938][  0]LogLinker:Warning: Can't find file '/Game/FirstPersonBP/FirstPersonOverview'
[2017.02.06-05.18.06:938][  0]LogLinker:Warning: Can't find file '/Game/FirstPersonBP/FirstPersonOverview'
[2017.02.06-05.18.06:938][  0]LogUObjectGlobals:Warning: Failed to find object 'Class /Game/FirstPersonBP/FirstPersonOverview.FirstPersonOverview_C'
[2017.02.06-05.18.07:742][  0]LogEngine: Initializing Engine...
[2017.02.06-05.18.07:742][  0]LogHMD: Failed to initialize OpenVR with code 110
[2017.02.06-05.18.07:947][  0]LogAIModule: Creating AISystem for world Untitled
[2017.02.06-05.18.07:978][  0]LogInit: XAudio2 using 'VG248-8 (NVIDIA High Definition Audio)' : 2 channels at 48 kHz using 32 bits per sample (channel mask 0x3)
[2017.02.06-05.18.07:985][  0]LogInit: FAudioDevice initialized.
[2017.02.06-05.18.08:009][  0]LogDerivedDataCache: Saved boot cache 0.02s 50MB C:/Users/David/AppData/Local/UnrealEngine/4.14/DerivedDataCache/Boot.ddc.
[2017.02.06-05.18.08:015][  0]LogInit: Texture streaming: Enabled
[2017.02.06-05.18.08:164][  0]LogInit: Transaction tracking system initialized
[2017.02.06-05.18.08:458][  0]BlueprintLog: New page: Editor Load
[2017.02.06-05.18.09:181][  0]LocalizationService: Info Localization service is disabled
[2017.02.06-05.18.09:712][  0]LogConsoleResponse:Display: 
[2017.02.06-05.18.09:842][  0]LogCook:Display: Max memory allowance for cook 16384mb min free memory 0mb
[2017.02.06-05.18.09:842][  0]LogCook:Display: Mobile HDR setting 1
[2017.02.06-05.18.10:049][  0]LogFileCache: Scanning file cache for directory 'C:/Users/David/Documents/Unreal Projects/UnrealProj1/Content/' took 0.01s
[2017.02.06-05.18.10:624][  0]SourceControl: Info Source control is disabled
[2017.02.06-05.18.10:681][  0]LogWindowsTextInputMethodSystem:Display: IME system now deactivated.
[2017.02.06-05.18.21:358][  0]LogWindowsTextInputMethodSystem:Display: IME system now deactivated.
[2017.02.06-05.18.21:400][  0]LogWindowsTextInputMethodSystem:Display: IME system now deactivated.
[2017.02.06-05.18.21:401][  0]Cmd: MAP LOAD FILE="../../../../../../Users/David/Documents/Unreal Projects/UnrealProj1/Content/Demo/Maps/Level00.umap" TEMPLATE=0 SHOWPROGRESS=1 FEATURELEVEL=3
[2017.02.06-05.18.21:402][  0]LightingResults: New page: Lighting Build
[2017.02.06-05.18.21:439][  0]MapCheck: New page: Map Check
[2017.02.06-05.18.21:439][  0]LightingResults: New page: Lighting Build
[2017.02.06-05.18.21:663][  0]LogLinker:Warning: Can't find file '/Engine/BasicShapes/search_animationstyles_search_animationstylesbg5test3_Mat'
[2017.02.06-05.18.21:663][  0]LogLinker:Warning: Can't find file for asset '/Engine/BasicShapes/search_animationstyles_search_animationstylesbg5test3_Mat' while loading ../../../../../../Users/David/Documents/Unreal Projects/UnrealProj1/Content/Demo/Maps/Level00.umap.
[2017.02.06-05.18.21:663][  0]LoadErrors:Error: Error /Game/Demo/Maps/Level00 : Can't find file for asset. /Engine/BasicShapes/search_animationstyles_search_animationstylesbg5test3_Mat
[2017.02.06-05.18.21:664][  0]LogLinker:Warning: Can't find file '/Engine/BasicShapes/search_animationstyles_search_animationstylesbg5test3_Mat'
[2017.02.06-05.18.21:664][  0]LogLinker:Warning: Can't find file for asset '/Engine/BasicShapes/search_animationstyles_search_animationstylesbg5test3_Mat' while loading ../../../../../../Users/David/Documents/Unreal Projects/UnrealProj1/Content/Demo/Maps/Level00.umap.
[2017.02.06-05.18.21:664][  0]LoadErrors:Error: Error /Game/Demo/Maps/Level00 : Can't find file for asset. /Engine/BasicShapes/search_animationstyles_search_animationstylesbg5test3_Mat
[2017.02.06-05.18.21:695][  0]LogLinker:Warning: Can't find file '/Engine/BasicShapes/search_animationstyles_search_animationstylesbg5test3_Mat'
[2017.02.06-05.18.21:695][  0]LoadErrors: Info Failed to load /Engine/BasicShapes/search_animationstyles_search_animationstylesbg5test3_Mat.search_animationstyles_search_animationstylesbg5test3_Mat Referenced by StaticMeshComponent0
[2017.02.06-05.18.21:695][  0]LogLinker:Warning: Can't find file for asset '/Engine/BasicShapes/search_animationstyles_search_animationstylesbg5test3_Mat' while loading NULL.
[2017.02.06-05.18.21:695][  0]LoadErrors: Info Failed to load /Engine/BasicShapes/search_animationstyles_search_animationstylesbg5test3_Mat.search_animationstyles_search_animationstylesbg5test3_Mat Referenced by StaticMeshComponent0
[2017.02.06-05.18.21:787][  0]LogAIModule: Creating AISystem for world Level00
[2017.02.06-05.18.21:809][  0]LogEditorServer: Finished looking for orphan Actors (0.000 secs)
[2017.02.06-05.18.21:809][  0]Cmd: MAP CHECKDEP NOCLEARLOG
[2017.02.06-05.18.21:866][  0]MapCheck: Info Map check complete: 0 Error(s), 0 Warning(s), took 56.867ms to complete.
[2017.02.06-05.18.21:866][  0]LogFileHelpers: Loading map 'Level00' took 0.465
[2017.02.06-05.18.21:944][  0]LogStats:Warning: MetaData mismatch. Did you assign a stat to two groups? New //STATGROUP_Threads//SplashScreenThread///Thread_1888_0///####STATCAT_Advanced#### old //STATGROUP_Threads//SplashScreenThread///Thread_1bb0_0///####STATCAT_Advanced####
[2017.02.06-05.18.21:944][  0]LogCollectionManager: Loaded 0 collections in 0.001304 seconds
[2017.02.06-05.18.22:019][  0]LogFileCache: Scanning file cache for directory 'C:/Users/David/Documents/Unreal Projects/UnrealProj1/Saved/Collections/' took 0.01s
[2017.02.06-05.18.22:019][  0]LogFileCache: Scanning file cache for directory 'C:/Users/David/Documents/Unreal Projects/UnrealProj1/Content/Developers/David/Collections/' took 0.01s
[2017.02.06-05.18.22:019][  0]LogFileCache: Scanning file cache for directory 'C:/Users/David/Documents/Unreal Projects/UnrealProj1/Content/Collections/' took 0.01s
[2017.02.06-05.18.22:019][  0]LogCollectionManager: Rebuilt the GUID cache for 0 collections in 0.000001 seconds
[2017.02.06-05.18.22:026][  0]LogContentBrowser: Native class hierarchy populated in 0.0069 seconds. Added 2190 classes and 428 folders.
[2017.02.06-05.18.22:060][  0]LogStats: UGameplayTagsManager::ConstructGameplayTagTree: Construct from data asset -  0.000 s
[2017.02.06-05.18.22:060][  0]LogStats: UGameplayTagsManager::ConstructGameplayTagTree: GameplayTagTreeChangedEvent.Broadcast -  0.000 s
[2017.02.06-05.18.22:061][  0]LogContentBrowser: Native class hierarchy updated for 'GameplayTags' in 0.0006 seconds. Added 13 classes and 0 folders.
[2017.02.06-05.18.22:110][  0]LogContentBrowser: Native class hierarchy updated for 'WidgetCarousel' in 0.0005 seconds. Added 0 classes and 0 folders.
[2017.02.06-05.18.22:188][  0]LogContentBrowser: Native class hierarchy updated for 'AddContentDialog' in 0.0005 seconds. Added 0 classes and 0 folders.
[2017.02.06-05.18.22:223][  0]LogContentBrowser: Native class hierarchy updated for 'SceneOutliner' in 0.0005 seconds. Added 1 classes and 2 folders.
[2017.02.06-05.18.22:278][  0]LogCrashTracker: Crashtracker disabled due to settings.
[2017.02.06-05.18.22:283][  0]LogUObjectGlobals:Warning: Failed to find object 'Class None.'
[2017.02.06-05.18.22:341][  0]LogContentBrowser: Native class hierarchy updated for 'HierarchicalLODOutliner' in 0.0006 seconds. Added 1 classes and 2 folders.
[2017.02.06-05.18.22:341][  0]LogLoad: (Engine Initialization) Total time: 25.60 seconds
[2017.02.06-05.18.22:341][  0]LogLoad: (Engine Initialization) Total Blueprint compile time: 0.14 seconds
[2017.02.06-05.18.22:341][  0]LogExternalProfiler: No external profilers were discovered.  External profiling features will not be available.
[2017.02.06-05.18.22:350][  0]LogOcInput: OculusInput pre-init called
[2017.02.06-05.18.22:364][  0]LogAssetRegistry: Asset discovery search completed in 18.4627 seconds
[2017.02.06-05.18.22:364][  0]LogCollectionManager: Rebuilt the object cache for 0 collections in 0.000000 seconds (found 0 objects)
[2017.02.06-05.18.22:364][  0]LogCollectionManager: Fixed up redirectors for 0 collections in 0.000010 seconds (updated 0 objects)
[2017.02.06-05.18.22:366][  0]LogContentStreaming: Texture pool size now 1000 MB
[2017.02.06-05.18.22:511][  0]LogRenderer: Reallocating scene render targets to support 1208x544 NumSamples 1 (Frame:2).
[2017.02.06-05.18.30:881][130]LogContentBrowser: Native class hierarchy updated for 'BlueprintGraph' in 0.0008 seconds. Added 111 classes and 0 folders.
[2017.02.06-05.29.31:831][308]LogRenderer: Reallocating scene render targets to support 1208x712 NumSamples 1 (Frame:821).
[2017.02.06-05.30.12:099][ 65]BlueprintLog: New page: Compile BP_BadMAn
[2017.02.06-05.30.12:861][ 82]Cmd: OBJ SAVEPACKAGE PACKAGE="/Game/Demo/Blueprints/BP_BadMAn" FILE="../../../../../../Users/David/Documents/Unreal Projects/UnrealProj1/Content/Demo/Blueprints/BP_BadMAn.uasset" SILENT=true
[2017.02.06-05.30.12:885][ 82]LogSavePackage: Save=9.67ms
[2017.02.06-05.30.12:885][ 82]LogSavePackage: Moving '../../../../../../Users/David/Documents/Unreal Projects/UnrealProj1/Saved/BP_BadMAnE92DAFF54E012EC5B7BFCBB24BE717BA.tmp' to '../../../../../../Users/David/Documents/Unreal Projects/UnrealProj1/Content/Demo/Blueprints/BP_BadMAn.uasset'
[2017.02.06-05.30.12:890][ 82]LogSavePackage:Display: Finished SavePackage ../../../../../../Users/David/Documents/Unreal Projects/UnrealProj1/Content/Demo/Blueprints/BP_BadMAn.uasset
[2017.02.06-05.31.58:616][785]BlueprintLog: New page: Compile BP_BadMAn
[2017.02.06-05.31.58:623][785]LogBlueprint:Error: [Compiler BP_BadMAn] Error The current value of the ' SpawnTransform ' pin is invalid: 'Spawn Transform' must have an input wired into it ("by ref" params expect a valid input to operate on).
[2017.02.06-05.31.58:623][785]LogBlueprint:Error: [Compiler BP_BadMAn] Error The current value of the ' SpawnTransform ' pin is invalid: 'Spawn Transform' must have an input wired into it ("by ref" params expect a valid input to operate on).
[2017.02.06-05.31.58:825][785]BlueprintEditorCompileResults:Error: Error The current value of the ' SpawnTransform ' pin is invalid: 'Spawn Transform' must have an input wired into it ("by ref" params expect a valid input to operate on).
[2017.02.06-05.31.58:825][785]BlueprintEditorCompileResults:Error: Error The current value of the ' SpawnTransform ' pin is invalid: 'Spawn Transform' must have an input wired into it ("by ref" params expect a valid input to operate on).
[2017.02.06-05.31.58:825][785]LogBlueprint:Warning: [Compiler BP_BadMAn] Warning [0842.09] Compile of BP_BadMAn failed. 2 Fatal Issue(s) 0 Warning(s) [in 208 ms] (/Game/Demo/Blueprints/BP_BadMAn.BP_BadMAn)
[2017.02.06-05.31.59:214][793]Cmd: OBJ SAVEPACKAGE PACKAGE="/Game/Demo/Blueprints/BP_BadMAn" FILE="../../../../../../Users/David/Documents/Unreal Projects/UnrealProj1/Content/Demo/Blueprints/BP_BadMAn.uasset" SILENT=true
[2017.02.06-05.31.59:238][793]LogSavePackage: Save=10.88ms
[2017.02.06-05.31.59:238][793]LogSavePackage: Moving '../../../../../../Users/David/Documents/Unreal Projects/UnrealProj1/Saved/BP_BadMAnB76A561F4469B192ADF702BAC9B04CBC.tmp' to '../../../../../../Users/David/Documents/Unreal Projects/UnrealProj1/Content/Demo/Blueprints/BP_BadMAn.uasset'
[2017.02.06-05.31.59:244][793]LogSavePackage:Display: Finished SavePackage ../../../../../../Users/David/Documents/Unreal Projects/UnrealProj1/Content/Demo/Blueprints/BP_BadMAn.uasset
[2017.02.06-05.32.04:785][ 97]BlueprintLog: New page: Compile BP_BadMAn
[2017.02.06-05.32.05:250][106]Cmd: OBJ SAVEPACKAGE PACKAGE="/Game/Demo/Blueprints/BP_BadMAn" FILE="../../../../../../Users/David/Documents/Unreal Projects/UnrealProj1/Content/Demo/Blueprints/BP_BadMAn.uasset" SILENT=true
[2017.02.06-05.32.05:271][106]LogSavePackage: Save=11.06ms
[2017.02.06-05.32.05:271][106]LogSavePackage: Moving '../../../../../../Users/David/Documents/Unreal Projects/UnrealProj1/Saved/BP_BadMAn69414F494636643C681AA88B6207B927.tmp' to '../../../../../../Users/David/Documents/Unreal Projects/UnrealProj1/Content/Demo/Blueprints/BP_BadMAn.uasset'
[2017.02.06-05.32.05:276][106]LogSavePackage:Display: Finished SavePackage ../../../../../../Users/David/Documents/Unreal Projects/UnrealProj1/Content/Demo/Blueprints/BP_BadMAn.uasset
[2017.02.06-05.32.42:742][450]BlueprintLog: New page: Compile BP_BadMAn
[2017.02.06-05.32.43:305][465]Cmd: OBJ SAVEPACKAGE PACKAGE="/Game/Demo/Blueprints/BP_BadMAn" FILE="../../../../../../Users/David/Documents/Unreal Projects/UnrealProj1/Content/Demo/Blueprints/BP_BadMAn.uasset" SILENT=true
[2017.02.06-05.32.43:326][465]LogSavePackage: Save=11.15ms
[2017.02.06-05.32.43:326][465]LogSavePackage: Moving '../../../../../../Users/David/Documents/Unreal Projects/UnrealProj1/Saved/BP_BadMAn1EE214074464258AE39A84A79A4F0F61.tmp' to '../../../../../../Users/David/Documents/Unreal Projects/UnrealProj1/Content/Demo/Blueprints/BP_BadMAn.uasset'
[2017.02.06-05.32.43:332][465]LogSavePackage:Display: Finished SavePackage ../../../../../../Users/David/Documents/Unreal Projects/UnrealProj1/Content/Demo/Blueprints/BP_BadMAn.uasset
[2017.02.06-05.32.44:693][540]LogSavePackage: Save=58.63ms
[2017.02.06-05.32.44:693][540]LogSavePackage: Moving '../../../../../../Users/David/Documents/Unreal Projects/UnrealProj1/Saved/Level0086BF3E4C43F3007272312FA09F50A737.tmp' to '../../../../../../Users/David/Documents/Unreal Projects/UnrealProj1/Content/Demo/Maps/Level00.umap'
[2017.02.06-05.32.44:699][540]LogSavePackage:Display: Finished SavePackage ../../../../../../Users/David/Documents/Unreal Projects/UnrealProj1/Content/Demo/Maps/Level00.umap
[2017.02.06-05.32.44:729][540]Cmd: OBJ SAVEPACKAGE PACKAGE="/Game/Demo/Maps/Level00_BuiltData" FILE="../../../../../../Users/David/Documents/Unreal Projects/UnrealProj1/Content/Demo/Maps/Level00_BuiltData.uasset" SILENT=true
[2017.02.06-05.32.44:745][540]LogSavePackage: Save=5.17ms
[2017.02.06-05.32.44:745][540]LogSavePackage: Moving '../../../../../../Users/David/Documents/Unreal Projects/UnrealProj1/Saved/Level00_BuiltDataF60DF5894BD81AA9D12E45AE13EF922E.tmp' to '../../../../../../Users/David/Documents/Unreal Projects/UnrealProj1/Content/Demo/Maps/Level00_BuiltData.uasset'
[2017.02.06-05.32.44:750][540]LogSavePackage:Display: Finished SavePackage ../../../../../../Users/David/Documents/Unreal Projects/UnrealProj1/Content/Demo/Maps/Level00_BuiltData.uasset
[2017.02.06-05.34.48:872][865]BlueprintLog: New page: Compile BP_BadMAn
[2017.02.06-05.34.49:456][874]Cmd: OBJ SAVEPACKAGE PACKAGE="/Game/Demo/Blueprints/BP_BadMAn" FILE="../../../../../../Users/David/Documents/Unreal Projects/UnrealProj1/Content/Demo/Blueprints/BP_BadMAn.uasset" SILENT=true
[2017.02.06-05.34.49:483][874]LogSavePackage: Save=13.66ms
[2017.02.06-05.34.49:483][874]LogSavePackage: Moving '../../../../../../Users/David/Documents/Unreal Projects/UnrealProj1/Saved/BP_BadMAnEE846BF84902F7AF65F396B5392FF0F0.tmp' to '../../../../../../Users/David/Documents/Unreal Projects/UnrealProj1/Content/Demo/Blueprints/BP_BadMAn.uasset'
[2017.02.06-05.34.49:489][874]LogSavePackage:Display: Finished SavePackage ../../../../../../Users/David/Documents/Unreal Projects/UnrealProj1/Content/Demo/Blueprints/BP_BadMAn.uasset
[2017.02.06-05.34.51:038][973]LogSavePackage: Save=56.44ms
[2017.02.06-05.34.51:038][973]LogSavePackage: Moving '../../../../../../Users/David/Documents/Unreal Projects/UnrealProj1/Saved/Level00BFF70C2C496E068081C1ADBD89A82758.tmp' to '../../../../../../Users/David/Documents/Unreal Projects/UnrealProj1/Content/Demo/Maps/Level00.umap'
[2017.02.06-05.34.51:044][973]LogSavePackage:Display: Finished SavePackage ../../../../../../Users/David/Documents/Unreal Projects/UnrealProj1/Content/Demo/Maps/Level00.umap
[2017.02.06-05.34.51:073][973]Cmd: OBJ SAVEPACKAGE PACKAGE="/Game/Demo/Maps/Level00_BuiltData" FILE="../../../../../../Users/David/Documents/Unreal Projects/UnrealProj1/Content/Demo/Maps/Level00_BuiltData.uasset" SILENT=true
[2017.02.06-05.34.51:088][973]LogSavePackage: Save=4.18ms
[2017.02.06-05.34.51:088][973]LogSavePackage: Moving '../../../../../../Users/David/Documents/Unreal Projects/UnrealProj1/Saved/Level00_BuiltData0A66142F404AB77A761A72BA9ECCD83B.tmp' to '../../../../../../Users/David/Documents/Unreal Projects/UnrealProj1/Content/Demo/Maps/Level00_BuiltData.uasset'
[2017.02.06-05.34.51:092][973]LogSavePackage:Display: Finished SavePackage ../../../../../../Users/David/Documents/Unreal Projects/UnrealProj1/Content/Demo/Maps/Level00_BuiltData.uasset
[2017.02.06-05.35.32:382][224]BlueprintLog: New page: Compile BP_BadMAn
[2017.02.06-05.35.33:039][235]Cmd: OBJ SAVEPACKAGE PACKAGE="/Game/Demo/Blueprints/BP_BadMAn" FILE="../../../../../../Users/David/Documents/Unreal Projects/UnrealProj1/Content/Demo/Blueprints/BP_BadMAn.uasset" SILENT=true
[2017.02.06-05.35.33:069][235]LogSavePackage: Save=16.93ms
[2017.02.06-05.35.33:069][235]LogSavePackage: Moving '../../../../../../Users/David/Documents/Unreal Projects/UnrealProj1/Saved/BP_BadMAn632C34D049778094333B8997693C826E.tmp' to '../../../../../../Users/David/Documents/Unreal Projects/UnrealProj1/Content/Demo/Blueprints/BP_BadMAn.uasset'
[2017.02.06-05.35.33:075][235]LogSavePackage:Display: Finished SavePackage ../../../../../../Users/David/Documents/Unreal Projects/UnrealProj1/Content/Demo/Blueprints/BP_BadMAn.uasset
[2017.02.06-05.35.34:914][333]LogSavePackage: Save=59.32ms
[2017.02.06-05.35.34:914][333]LogSavePackage: Moving '../../../../../../Users/David/Documents/Unreal Projects/UnrealProj1/Saved/Level0074789A864DEA45E68C6B19A186C61AA5.tmp' to '../../../../../../Users/David/Documents/Unreal Projects/UnrealProj1/Content/Demo/Maps/Level00.umap'
[2017.02.06-05.35.34:919][333]LogSavePackage:Display: Finished SavePackage ../../../../../../Users/David/Documents/Unreal Projects/UnrealProj1/Content/Demo/Maps/Level00.umap
[2017.02.06-05.35.34:939][333]Cmd: OBJ SAVEPACKAGE PACKAGE="/Game/Demo/Maps/Level00_BuiltData" FILE="../../../../../../Users/David/Documents/Unreal Projects/UnrealProj1/Content/Demo/Maps/Level00_BuiltData.uasset" SILENT=true
[2017.02.06-05.35.34:955][333]LogSavePackage: Save=3.92ms
[2017.02.06-05.35.34:955][333]LogSavePackage: Moving '../../../../../../Users/David/Documents/Unreal Projects/UnrealProj1/Saved/Level00_BuiltDataC393EF5A4D7DF57103B17D857358D150.tmp' to '../../../../../../Users/David/Documents/Unreal Projects/UnrealProj1/Content/Demo/Maps/Level00_BuiltData.uasset'
[2017.02.06-05.35.34:961][333]LogSavePackage:Display: Finished SavePackage ../../../../../../Users/David/Documents/Unreal Projects/UnrealProj1/Content/Demo/Maps/Level00_BuiltData.uasset
[2017.02.06-05.35.40:529][842]LogEditorViewport: Clicking on Actor (LMB): StaticMeshActor (Cube)
[2017.02.06-05.35.53:295][146]LogTemp: Repeting last play command: Selected Viewport
[2017.02.06-05.35.53:315][146]LogPlayLevel: PlayLevel: No blueprints needed recompiling
[2017.02.06-05.35.53:316][146]PIE: New page: PIE session: Level00 (Feb 5, 2017, 7:35:53 PM)
[2017.02.06-05.35.53:316][146]LogPlayLevel: Creating play world package: /Game/Demo/Maps/UEDPIE_0_Level00
[2017.02.06-05.35.53:323][146]LogPlayLevel: PIE: StaticDuplicateObject took: (0.007692s)
[2017.02.06-05.35.53:324][146]LogAIModule: Creating AISystem for world Level00
[2017.02.06-05.35.53:324][146]LogPlayLevel: PIE: World Init took: (0.000600s)
[2017.02.06-05.35.53:324][146]LogPlayLevel: PIE: Created PIE world by copying editor world from /Game/Demo/Maps/Level00.Level00 to /Game/Demo/Maps/UEDPIE_0_Level00.Level00 (0.008512s)
[2017.02.06-05.35.53:370][146]LogInit: XAudio2 using 'VG248-8 (NVIDIA High Definition Audio)' : 2 channels at 48 kHz using 32 bits per sample (channel mask 0x3)
[2017.02.06-05.35.53:376][146]LogInit: FAudioDevice initialized.
[2017.02.06-05.35.53:436][146]LogLoad: Game class is '2DSideScrollerGameMode_C'
[2017.02.06-05.35.53:441][146]LogWorld: Bringing World /Game/Demo/Maps/UEDPIE_0_Level00.Level00 up for play (max tick rate 0) at 2017.02.06-00.35.53
[2017.02.06-05.35.53:442][146]LogWorld: Bringing up level for play took: 0.004778
[2017.02.06-05.35.53:481][146]LogContentBrowser: Native class hierarchy updated for 'MovieSceneCapture' in 0.0008 seconds. Added 11 classes and 0 folders.
[2017.02.06-05.35.53:482][146]PIE:Warning: Warning The widget 'Widget_HUD_C' was already added to the screen.
[2017.02.06-05.35.53:485][146]PIE: Info Play in editor start time for /Game/Demo/Maps/UEDPIE_0_Level00 0.3
[2017.02.06-05.36.19:833][687]LogEditorViewport: Clicking on Actor (LMB): StaticMeshActor (Cube)
[2017.02.06-05.36.21:402][762]Cmd: DELETE
[2017.02.06-05.36.21:402][762]Cmd: ACTOR DELETE
[2017.02.06-05.36.21:403][762]LogEditorActor: Deleted Actor: StaticMeshActor
